Copyright 1986-2016 Xilinx, Inc. All Rights Reserved.
--------------------------------------------------------------------------------------------------------------------------------------
| Tool Version : Vivado v.2016.3 (win64) Build 1682563 Mon Oct 10 19:07:27 MDT 2016
| Date         : Mon Aug 12 13:14:16 2019
| Host         : TELOPS258-7 running 64-bit Service Pack 1  (build 7601)
| Command      : report_clock_utilization -file d:/Telops/fir-00257-Storage/reports/fir_00257_Storage_16_clock_utilization_placed.rpt
| Design       : fir_257_top
| Device       : 7k160t-fbg676
| Speed File   : -1  PRODUCTION 1.12 2014-09-11
--------------------------------------------------------------------------------------------------------------------------------------

Clock Utilization Report

Table of Contents
-----------------
1. Clock Primitive Utilization
2. Global Clock Resources
3. Global Clock Source Details
4. Local Clock Details
5. Clock Regions: Key Resource Utilization
6. Clock Regions : Global Clock Summary
7. Cell Type Counts per Global Clock: Region X0Y0
8. Cell Type Counts per Global Clock: Region X1Y0
9. Cell Type Counts per Global Clock: Region X0Y1
10. Cell Type Counts per Global Clock: Region X1Y1
11. Cell Type Counts per Global Clock: Region X0Y2
12. Cell Type Counts per Global Clock: Region X1Y2
13. Cell Type Counts per Global Clock: Region X0Y3
14. Cell Type Counts per Global Clock: Region X1Y3
15. Cell Type Counts per Global Clock: Region X0Y4
16. Cell Type Counts per Global Clock: Region X1Y4
17. Load Cell Placement Summary for Global Clock g0
18. Load Cell Placement Summary for Global Clock g1
19. Load Cell Placement Summary for Global Clock g2
20. Load Cell Placement Summary for Global Clock g3
21. Load Cell Placement Summary for Global Clock g4
22. Load Cell Placement Summary for Global Clock g5
23. Load Cell Placement Summary for Global Clock g6
24. Load Cell Placement Summary for Global Clock g7
25. Load Cell Placement Summary for Global Clock g8
26. Load Cell Placement Summary for Global Clock g9
27. Load Cell Placement Summary for Global Clock g10
28. Load Cell Placement Summary for Global Clock g11

1. Clock Primitive Utilization
------------------------------

+----------+------+-----------+-----+--------------+--------+
| Type     | Used | Available | LOC | Clock Region | Pblock |
+----------+------+-----------+-----+--------------+--------+
| BUFGCTRL |   10 |        32 |   0 |            0 |      0 |
| BUFH     |    2 |       120 |   0 |            0 |      0 |
| BUFIO    |    0 |        32 |   0 |            0 |      0 |
| BUFMR    |    0 |        16 |   0 |            0 |      0 |
| BUFR     |    0 |        32 |   0 |            0 |      0 |
| MMCM     |    3 |         8 |   2 |            0 |      0 |
| PLL      |    2 |         8 |   2 |            0 |      0 |
+----------+------+-----------+-----+--------------+--------+


2. Global Clock Resources
-------------------------

+-----------+-----------+-----------------+------------+----------------+--------------+------+-------------------+-------------------+-------------+-----------------+--------------+---------------------------------------------------------------------------------+---------------------------------------------------------------------------------------------------------------------------+-----------------------------------------------------------------------------------------------------------------------------+
| Global Id | Source Id | Driver Type/Pin | Constraint | Site           | Clock Region | Root | Clock Delay Group | Load Clock Region | Clock Loads | Non-Clock Loads | Clock Period | Clock                                                                           | Driver Pin                                                                                                                | Net                                                                                                                         |
+-----------+-----------+-----------------+------------+----------------+--------------+------+-------------------+-------------------+-------------+-----------------+--------------+---------------------------------------------------------------------------------+---------------------------------------------------------------------------------------------------------------------------+-----------------------------------------------------------------------------------------------------------------------------+
| g0        | src0      | BUFG/O          | None       | BUFGCTRL_X0Y0  | n/a          |      |                   |                 7 |       20404 |               0 |       10.000 | clk_pll_i                                                                       | CORE_BD/core_wrapper_i/core_i/MemoryBuffer/dimm0_ctrl/u_core_dimm0_ctrl_0_mig/u_ddr3_infrastructure/u_bufg_clkdiv0/O      | CORE_BD/core_wrapper_i/core_i/MemoryBuffer/dimm0_ctrl/u_core_dimm0_ctrl_0_mig/u_ddr3_infrastructure/CLK                     |
| g1        | src1      | BUFG/O          | None       | BUFGCTRL_X0Y1  | n/a          |      |                   |                 4 |       20256 |               0 |       10.000 | clk_pll_i_1                                                                     | CORE_BD/core_wrapper_i/core_i/MemoryBuffer/dimm1_ctrl/u_core_dimm1_ctrl_0_mig/u_ddr3_infrastructure/u_bufg_clkdiv0/O      | CORE_BD/core_wrapper_i/core_i/MemoryBuffer/dimm1_ctrl/u_core_dimm1_ctrl_0_mig/u_ddr3_infrastructure/CLK                     |
| g2        | src2      | BUFG/O          | None       | BUFGCTRL_X0Y4  | n/a          |      |                   |                 7 |       17327 |               0 |       11.765 | clk_out2_core_clk_wiz_1_0                                                       | CORE_BD/core_wrapper_i/core_i/clk_wiz_1/inst/clkout2_buf/O                                                                | CORE_BD/core_wrapper_i/core_i/clk_wiz_1/inst/clk_out2                                                                       |
| g3        | src2      | BUFG/O          | None       | BUFGCTRL_X0Y5  | n/a          |      |                   |                 9 |        6734 |               0 |       10.000 | clk_out1_core_clk_wiz_1_0                                                       | CORE_BD/core_wrapper_i/core_i/clk_wiz_1/inst/clkout1_buf/O                                                                | CORE_BD/core_wrapper_i/core_i/clk_wiz_1/inst/clk_out1                                                                       |
| g4        | src3      | BUFG/O          | None       | BUFGCTRL_X0Y16 | n/a          |      |                   |                 2 |        1635 |               0 |       10.000 | MGT/MGT/EXP/U0/gt_wrapper_i/exp_mgt_multi_gt_i/gt0_exp_mgt_i/gtxe2_i/TXOUTCLK   | MGT/MGT/EXP_CLOCK/user_clk_buf_i/O                                                                                        | MGT/MGT/EXP_CLOCK/USER_CLK                                                                                                  |
| g5        | src2      | BUFG/O          | None       | BUFGCTRL_X0Y2  | n/a          |      |                   |                 5 |         556 |               0 |       20.000 | clk_out3_core_clk_wiz_1_0                                                       | CORE_BD/core_wrapper_i/core_i/clk_wiz_1/inst/clkout3_buf/O                                                                | CORE_BD/core_wrapper_i/core_i/clk_wiz_1/inst/clk_out3                                                                       |
| g6        | src4      | BUFG/O          | None       | BUFGCTRL_X0Y6  | n/a          |      |                   |                 2 |         326 |               0 |       33.333 | CORE_BD/core_wrapper_i/core_i/MCU/mdm_1/U0/Use_E2.BSCAN_I/Use_E2.BSCANE2_I/DRCK | CORE_BD/core_wrapper_i/core_i/MCU/mdm_1/U0/No_Dbg_Reg_Access.BUFG_DRCK/Using_FPGA.Native/O                                | CORE_BD/core_wrapper_i/core_i/MCU/mdm_1/U0/No_Dbg_Reg_Access.BUFG_DRCK/Ext_JTAG_DRCK                                        |
| g7        | src5      | BUFG/O          | None       | BUFGCTRL_X0Y17 | n/a          |      |                   |                 2 |          17 |               0 |        5.000 | SYSCLK_0_P                                                                      | CORE_BD/core_wrapper_i/core_i/MemoryBuffer/dimm0_ctrl/u_core_dimm0_ctrl_0_mig/u_iodelay_ctrl/clk_ref_200.u_bufg_clk_ref/O | CORE_BD/core_wrapper_i/core_i/MemoryBuffer/dimm0_ctrl/u_core_dimm0_ctrl_0_mig/u_iodelay_ctrl/clk_ref_200.u_bufg_clk_ref_n_0 |
| g8        | src6      | BUFG/O          | None       | BUFGCTRL_X0Y3  | n/a          |      |                   |                 2 |          17 |               0 |        5.000 | SYSCLK_1_P                                                                      | CORE_BD/core_wrapper_i/core_i/MemoryBuffer/dimm1_ctrl/u_core_dimm1_ctrl_0_mig/u_iodelay_ctrl/clk_ref_200.u_bufg_clk_ref/O | CORE_BD/core_wrapper_i/core_i/MemoryBuffer/dimm1_ctrl/u_core_dimm1_ctrl_0_mig/u_iodelay_ctrl/clk_ref_200.u_bufg_clk_ref_n_0 |
| g9        | src7      | BUFH/O          | None       | BUFHCE_X0Y24   | X0Y2         |      |                   |                 1 |           1 |               0 |       10.000 | pll_clk3_out                                                                    | CORE_BD/core_wrapper_i/core_i/MemoryBuffer/dimm0_ctrl/u_core_dimm0_ctrl_0_mig/u_ddr3_infrastructure/u_bufh_pll_clk3/O     | CORE_BD/core_wrapper_i/core_i/MemoryBuffer/dimm0_ctrl/u_core_dimm0_ctrl_0_mig/u_ddr3_infrastructure/pll_clk3                |
| g10       | src8      | BUFH/O          | None       | BUFHCE_X1Y12   | X1Y1         |      |                   |                 1 |           1 |               0 |       10.000 | pll_clk3_out_1                                                                  | CORE_BD/core_wrapper_i/core_i/MemoryBuffer/dimm1_ctrl/u_core_dimm1_ctrl_0_mig/u_ddr3_infrastructure/u_bufh_pll_clk3/O     | CORE_BD/core_wrapper_i/core_i/MemoryBuffer/dimm1_ctrl/u_core_dimm1_ctrl_0_mig/u_ddr3_infrastructure/pll_clk3                |
| g11       | src2      | BUFG/O          | None       | BUFGCTRL_X0Y7  | n/a          |      |                   |                 1 |           1 |               0 |       10.000 | clkfbout_core_clk_wiz_1_0                                                       | CORE_BD/core_wrapper_i/core_i/clk_wiz_1/inst/clkf_buf/O                                                                   | CORE_BD/core_wrapper_i/core_i/clk_wiz_1/inst/clkfbout_buf_core_clk_wiz_1_0                                                  |
+-----------+-----------+-----------------+------------+----------------+--------------+------+-------------------+-------------------+-------------+-----------------+--------------+---------------------------------------------------------------------------------+---------------------------------------------------------------------------------------------------------------------------+-----------------------------------------------------------------------------------------------------------------------------+
* Clock Loads column represents the clock pin loads (pin count)
** Non-Clock Loads column represents the non-clock pin loads (pin count)


3. Global Clock Source Details
------------------------------

+-----------+-----------+------------------------+--------------------+--------------------+--------------+-------------+-----------------+---------------------+---------------------------------------------------------------------------------+--------------------------------------------------------------------------------------------------------------------------------+------------------------------------------------------------------------------------------------------------------+
| Source Id | Global Id | Driver Type/Pin        | Constraint         | Site               | Clock Region | Clock Loads | Non-Clock Loads | Source Clock Period | Source Clock                                                                    | Driver Pin                                                                                                                     | Net                                                                                                              |
+-----------+-----------+------------------------+--------------------+--------------------+--------------+-------------+-----------------+---------------------+---------------------------------------------------------------------------------+--------------------------------------------------------------------------------------------------------------------------------+------------------------------------------------------------------------------------------------------------------+
| src0      | g0        | MMCME2_ADV/CLKFBOUT    | MMCME2_ADV_X0Y2    | MMCME2_ADV_X0Y2    | X0Y2         |           1 |               0 |              10.000 | clk_pll_i                                                                       | CORE_BD/core_wrapper_i/core_i/MemoryBuffer/dimm0_ctrl/u_core_dimm0_ctrl_0_mig/u_ddr3_infrastructure/gen_mmcm.mmcm_i/CLKFBOUT   | CORE_BD/core_wrapper_i/core_i/MemoryBuffer/dimm0_ctrl/u_core_dimm0_ctrl_0_mig/u_ddr3_infrastructure/clk_pll_i    |
| src1      | g1        | MMCME2_ADV/CLKFBOUT    | MMCME2_ADV_X1Y1    | MMCME2_ADV_X1Y1    | X1Y1         |           1 |               0 |              10.000 | clk_pll_i_1                                                                     | CORE_BD/core_wrapper_i/core_i/MemoryBuffer/dimm1_ctrl/u_core_dimm1_ctrl_0_mig/u_ddr3_infrastructure/gen_mmcm.mmcm_i/CLKFBOUT   | CORE_BD/core_wrapper_i/core_i/MemoryBuffer/dimm1_ctrl/u_core_dimm1_ctrl_0_mig/u_ddr3_infrastructure/clk_pll_i    |
| src2      | g3        | MMCME2_ADV/CLKOUT0     | None               | MMCME2_ADV_X1Y2    | X1Y2         |           1 |               0 |              10.000 | clk_out1_core_clk_wiz_1_0                                                       | CORE_BD/core_wrapper_i/core_i/clk_wiz_1/inst/mmcm_adv_inst/CLKOUT0                                                             | CORE_BD/core_wrapper_i/core_i/clk_wiz_1/inst/clk_out1_core_clk_wiz_1_0                                           |
| src2      | g2        | MMCME2_ADV/CLKOUT1     | None               | MMCME2_ADV_X1Y2    | X1Y2         |           1 |               0 |              11.765 | clk_out2_core_clk_wiz_1_0                                                       | CORE_BD/core_wrapper_i/core_i/clk_wiz_1/inst/mmcm_adv_inst/CLKOUT1                                                             | CORE_BD/core_wrapper_i/core_i/clk_wiz_1/inst/clk_out2_core_clk_wiz_1_0                                           |
| src2      | g5        | MMCME2_ADV/CLKOUT2     | None               | MMCME2_ADV_X1Y2    | X1Y2         |           1 |               0 |              20.000 | clk_out3_core_clk_wiz_1_0                                                       | CORE_BD/core_wrapper_i/core_i/clk_wiz_1/inst/mmcm_adv_inst/CLKOUT2                                                             | CORE_BD/core_wrapper_i/core_i/clk_wiz_1/inst/clk_out3_core_clk_wiz_1_0                                           |
| src2      | g11       | MMCME2_ADV/CLKFBOUT    | None               | MMCME2_ADV_X1Y2    | X1Y2         |           1 |               0 |              10.000 | clkfbout_core_clk_wiz_1_0                                                       | CORE_BD/core_wrapper_i/core_i/clk_wiz_1/inst/mmcm_adv_inst/CLKFBOUT                                                            | CORE_BD/core_wrapper_i/core_i/clk_wiz_1/inst/clkfbout_core_clk_wiz_1_0                                           |
| src3      | g4        | GTXE2_CHANNEL/TXOUTCLK | GTXE2_CHANNEL_X0Y0 | GTXE2_CHANNEL_X0Y0 | X1Y3         |           1 |               0 |              10.000 | MGT/MGT/EXP/U0/gt_wrapper_i/exp_mgt_multi_gt_i/gt0_exp_mgt_i/gtxe2_i/TXOUTCLK   | MGT/MGT/EXP/U0/gt_wrapper_i/exp_mgt_multi_gt_i/gt0_exp_mgt_i/gtxe2_i/TXOUTCLK                                                  | MGT/MGT/EXP/U0/gt_wrapper_i/exp_mgt_multi_gt_i/gt0_exp_mgt_i/tx_out_clk                                          |
| src4      | g6        | BSCANE2/DRCK           | None               | BSCAN_X0Y1         | X0Y2         |           1 |               0 |              33.333 | CORE_BD/core_wrapper_i/core_i/MCU/mdm_1/U0/Use_E2.BSCAN_I/Use_E2.BSCANE2_I/DRCK | CORE_BD/core_wrapper_i/core_i/MCU/mdm_1/U0/Use_E2.BSCAN_I/Use_E2.BSCANE2_I/DRCK                                                | CORE_BD/core_wrapper_i/core_i/MCU/mdm_1/U0/Use_E2.BSCAN_I/drck_i                                                 |
| src5      | g7        | IBUFDS/O               | IOB_X0Y224         | IOB_X0Y224         | X0Y4         |           2 |               0 |               5.000 | SYSCLK_0_P                                                                      | CORE_BD/core_wrapper_i/core_i/MemoryBuffer/dimm0_ctrl/u_core_dimm0_ctrl_0_mig/u_ddr3_clk_ibuf/diff_input_clk.u_ibufg_sys_clk/O | CORE_BD/core_wrapper_i/core_i/MemoryBuffer/dimm0_ctrl/u_core_dimm0_ctrl_0_mig/u_ddr3_clk_ibuf/sys_clk_ibufg      |
| src6      | g8        | IBUFDS/O               | IOB_X1Y74          | IOB_X1Y74          | X1Y1         |           2 |               0 |               5.000 | SYSCLK_1_P                                                                      | CORE_BD/core_wrapper_i/core_i/MemoryBuffer/dimm1_ctrl/u_core_dimm1_ctrl_0_mig/u_ddr3_clk_ibuf/diff_input_clk.u_ibufg_sys_clk/O | CORE_BD/core_wrapper_i/core_i/MemoryBuffer/dimm1_ctrl/u_core_dimm1_ctrl_0_mig/u_ddr3_clk_ibuf/sys_clk_ibufg      |
| src7      | g9        | PLLE2_ADV/CLKOUT3      | PLLE2_ADV_X0Y2     | PLLE2_ADV_X0Y2     | X0Y2         |           1 |               0 |              10.000 | pll_clk3_out                                                                    | CORE_BD/core_wrapper_i/core_i/MemoryBuffer/dimm0_ctrl/u_core_dimm0_ctrl_0_mig/u_ddr3_infrastructure/plle2_i/CLKOUT3            | CORE_BD/core_wrapper_i/core_i/MemoryBuffer/dimm0_ctrl/u_core_dimm0_ctrl_0_mig/u_ddr3_infrastructure/pll_clk3_out |
| src8      | g10       | PLLE2_ADV/CLKOUT3      | PLLE2_ADV_X1Y1     | PLLE2_ADV_X1Y1     | X1Y1         |           1 |               0 |              10.000 | pll_clk3_out_1                                                                  | CORE_BD/core_wrapper_i/core_i/MemoryBuffer/dimm1_ctrl/u_core_dimm1_ctrl_0_mig/u_ddr3_infrastructure/plle2_i/CLKOUT3            | CORE_BD/core_wrapper_i/core_i/MemoryBuffer/dimm1_ctrl/u_core_dimm1_ctrl_0_mig/u_ddr3_infrastructure/pll_clk3_out |
+-----------+-----------+------------------------+--------------------+--------------------+--------------+-------------+-----------------+---------------------+---------------------------------------------------------------------------------+--------------------------------------------------------------------------------------------------------------------------------+------------------------------------------------------------------------------------------------------------------+
* Clock Loads column represents the clock pin loads (pin count)
** Non-Clock Loads column represents the non-clock pin loads (pin count)


4. Local Clock Details
----------------------

+----------+----------------------------+----------------------+-------------------------------------+--------------+-------------+-----------------+--------------+----------------+----------------------------------------------------------------------------------------------------------------------------------------------------------------------------------------------------------------------------------------------------+-------------------------------------------------------------------------------------------------------------------------------------------------------------------------------------------------------------------------------------------------+
| Local Id | Driver Type/Pin            | Constraint           | Site/BEL                            | Clock Region | Clock Loads | Non-Clock Loads | Clock Period | Clock          | Driver Pin                                                                                                                                                                                                                                         | Net                                                                                                                                                                                                                                             |
+----------+----------------------------+----------------------+-------------------------------------+--------------+-------------+-----------------+--------------+----------------+----------------------------------------------------------------------------------------------------------------------------------------------------------------------------------------------------------------------------------------------------+-------------------------------------------------------------------------------------------------------------------------------------------------------------------------------------------------------------------------------------------------+
| 0        | PLLE2_ADV/CLKOUT0          | PLLE2_ADV_X0Y2       | PLLE2_ADV_X0Y2/PLLE2_ADV            | X0Y2         |          14 |               8 |        1.250 | freq_refclk    | CORE_BD/core_wrapper_i/core_i/MemoryBuffer/dimm0_ctrl/u_core_dimm0_ctrl_0_mig/u_ddr3_infrastructure/plle2_i/CLKOUT0                                                                                                                                | CORE_BD/core_wrapper_i/core_i/MemoryBuffer/dimm0_ctrl/u_core_dimm0_ctrl_0_mig/u_ddr3_infrastructure/freq_refclk                                                                                                                                 |
| 1        | PLLE2_ADV/CLKOUT0          | PLLE2_ADV_X1Y1       | PLLE2_ADV_X1Y1/PLLE2_ADV            | X1Y1         |          14 |               8 |        1.250 | freq_refclk_1  | CORE_BD/core_wrapper_i/core_i/MemoryBuffer/dimm1_ctrl/u_core_dimm1_ctrl_0_mig/u_ddr3_infrastructure/plle2_i/CLKOUT0                                                                                                                                | CORE_BD/core_wrapper_i/core_i/MemoryBuffer/dimm1_ctrl/u_core_dimm1_ctrl_0_mig/u_ddr3_infrastructure/freq_refclk                                                                                                                                 |
| 2        | PLLE2_ADV/CLKOUT1          | PLLE2_ADV_X0Y2       | PLLE2_ADV_X0Y2/PLLE2_ADV            | X0Y2         |           3 |              19 |        2.500 | mem_refclk     | CORE_BD/core_wrapper_i/core_i/MemoryBuffer/dimm0_ctrl/u_core_dimm0_ctrl_0_mig/u_ddr3_infrastructure/plle2_i/CLKOUT1                                                                                                                                | CORE_BD/core_wrapper_i/core_i/MemoryBuffer/dimm0_ctrl/u_core_dimm0_ctrl_0_mig/u_ddr3_infrastructure/mem_refclk                                                                                                                                  |
| 3        | PLLE2_ADV/CLKOUT1          | PLLE2_ADV_X1Y1       | PLLE2_ADV_X1Y1/PLLE2_ADV            | X1Y1         |           3 |              19 |        2.500 | mem_refclk_1   | CORE_BD/core_wrapper_i/core_i/MemoryBuffer/dimm1_ctrl/u_core_dimm1_ctrl_0_mig/u_ddr3_infrastructure/plle2_i/CLKOUT1                                                                                                                                | CORE_BD/core_wrapper_i/core_i/MemoryBuffer/dimm1_ctrl/u_core_dimm1_ctrl_0_mig/u_ddr3_infrastructure/mem_refclk                                                                                                                                  |
| 4        | PHASER_OUT_PHY/OCLKDELAYED | PHASER_OUT_PHY_X0Y12 | PHASER_OUT_PHY_X0Y12/PHASER_OUT_PHY | X0Y3         |           2 |               0 |        2.500 | oserdes_clk    | CORE_BD/core_wrapper_i/core_i/MemoryBuffer/dimm0_ctrl/u_core_dimm0_ctrl_0_mig/u_memc_ui_top_axi/mem_intfc0/ddr_phy_top0/u_ddr_mc_phy_wrapper/u_ddr_mc_phy/ddr_phy_4lanes_0.u_ddr_phy_4lanes/ddr_byte_lane_A.ddr_byte_lane_A/phaser_out/OCLKDELAYED | CORE_BD/core_wrapper_i/core_i/MemoryBuffer/dimm0_ctrl/u_core_dimm0_ctrl_0_mig/u_memc_ui_top_axi/mem_intfc0/ddr_phy_top0/u_ddr_mc_phy_wrapper/u_ddr_mc_phy/ddr_phy_4lanes_0.u_ddr_phy_4lanes/ddr_byte_lane_A.ddr_byte_lane_A/oserdes_clk_delayed |
| 5        | PHASER_OUT_PHY/OCLKDELAYED | PHASER_OUT_PHY_X0Y13 | PHASER_OUT_PHY_X0Y13/PHASER_OUT_PHY | X0Y3         |           2 |               0 |        2.500 | oserdes_clk_1  | CORE_BD/core_wrapper_i/core_i/MemoryBuffer/dimm0_ctrl/u_core_dimm0_ctrl_0_mig/u_memc_ui_top_axi/mem_intfc0/ddr_phy_top0/u_ddr_mc_phy_wrapper/u_ddr_mc_phy/ddr_phy_4lanes_0.u_ddr_phy_4lanes/ddr_byte_lane_B.ddr_byte_lane_B/phaser_out/OCLKDELAYED | CORE_BD/core_wrapper_i/core_i/MemoryBuffer/dimm0_ctrl/u_core_dimm0_ctrl_0_mig/u_memc_ui_top_axi/mem_intfc0/ddr_phy_top0/u_ddr_mc_phy_wrapper/u_ddr_mc_phy/ddr_phy_4lanes_0.u_ddr_phy_4lanes/ddr_byte_lane_B.ddr_byte_lane_B/oserdes_clk_delayed |
| 6        | PHASER_OUT_PHY/OCLKDELAYED | PHASER_OUT_PHY_X0Y14 | PHASER_OUT_PHY_X0Y14/PHASER_OUT_PHY | X0Y3         |           2 |               0 |        2.500 | oserdes_clk_2  | CORE_BD/core_wrapper_i/core_i/MemoryBuffer/dimm0_ctrl/u_core_dimm0_ctrl_0_mig/u_memc_ui_top_axi/mem_intfc0/ddr_phy_top0/u_ddr_mc_phy_wrapper/u_ddr_mc_phy/ddr_phy_4lanes_0.u_ddr_phy_4lanes/ddr_byte_lane_C.ddr_byte_lane_C/phaser_out/OCLKDELAYED | CORE_BD/core_wrapper_i/core_i/MemoryBuffer/dimm0_ctrl/u_core_dimm0_ctrl_0_mig/u_memc_ui_top_axi/mem_intfc0/ddr_phy_top0/u_ddr_mc_phy_wrapper/u_ddr_mc_phy/ddr_phy_4lanes_0.u_ddr_phy_4lanes/ddr_byte_lane_C.ddr_byte_lane_C/oserdes_clk_delayed |
| 7        | PHASER_OUT_PHY/OCLKDELAYED | PHASER_OUT_PHY_X0Y15 | PHASER_OUT_PHY_X0Y15/PHASER_OUT_PHY | X0Y3         |           2 |               0 |        2.500 | oserdes_clk_3  | CORE_BD/core_wrapper_i/core_i/MemoryBuffer/dimm0_ctrl/u_core_dimm0_ctrl_0_mig/u_memc_ui_top_axi/mem_intfc0/ddr_phy_top0/u_ddr_mc_phy_wrapper/u_ddr_mc_phy/ddr_phy_4lanes_0.u_ddr_phy_4lanes/ddr_byte_lane_D.ddr_byte_lane_D/phaser_out/OCLKDELAYED | CORE_BD/core_wrapper_i/core_i/MemoryBuffer/dimm0_ctrl/u_core_dimm0_ctrl_0_mig/u_memc_ui_top_axi/mem_intfc0/ddr_phy_top0/u_ddr_mc_phy_wrapper/u_ddr_mc_phy/ddr_phy_4lanes_0.u_ddr_phy_4lanes/ddr_byte_lane_D.ddr_byte_lane_D/oserdes_clk_delayed |
| 8        | PHASER_OUT_PHY/OCLKDELAYED | PHASER_OUT_PHY_X0Y4  | PHASER_OUT_PHY_X0Y4/PHASER_OUT_PHY  | X0Y1         |           2 |               0 |        2.500 | oserdes_clk_7  | CORE_BD/core_wrapper_i/core_i/MemoryBuffer/dimm0_ctrl/u_core_dimm0_ctrl_0_mig/u_memc_ui_top_axi/mem_intfc0/ddr_phy_top0/u_ddr_mc_phy_wrapper/u_ddr_mc_phy/ddr_phy_4lanes_2.u_ddr_phy_4lanes/ddr_byte_lane_A.ddr_byte_lane_A/phaser_out/OCLKDELAYED | CORE_BD/core_wrapper_i/core_i/MemoryBuffer/dimm0_ctrl/u_core_dimm0_ctrl_0_mig/u_memc_ui_top_axi/mem_intfc0/ddr_phy_top0/u_ddr_mc_phy_wrapper/u_ddr_mc_phy/ddr_phy_4lanes_2.u_ddr_phy_4lanes/ddr_byte_lane_A.ddr_byte_lane_A/oserdes_clk_delayed |
| 9        | PHASER_OUT_PHY/OCLKDELAYED | PHASER_OUT_PHY_X0Y5  | PHASER_OUT_PHY_X0Y5/PHASER_OUT_PHY  | X0Y1         |           2 |               0 |        2.500 | oserdes_clk_8  | CORE_BD/core_wrapper_i/core_i/MemoryBuffer/dimm0_ctrl/u_core_dimm0_ctrl_0_mig/u_memc_ui_top_axi/mem_intfc0/ddr_phy_top0/u_ddr_mc_phy_wrapper/u_ddr_mc_phy/ddr_phy_4lanes_2.u_ddr_phy_4lanes/ddr_byte_lane_B.ddr_byte_lane_B/phaser_out/OCLKDELAYED | CORE_BD/core_wrapper_i/core_i/MemoryBuffer/dimm0_ctrl/u_core_dimm0_ctrl_0_mig/u_memc_ui_top_axi/mem_intfc0/ddr_phy_top0/u_ddr_mc_phy_wrapper/u_ddr_mc_phy/ddr_phy_4lanes_2.u_ddr_phy_4lanes/ddr_byte_lane_B.ddr_byte_lane_B/oserdes_clk_delayed |
| 10       | PHASER_OUT_PHY/OCLKDELAYED | PHASER_OUT_PHY_X0Y6  | PHASER_OUT_PHY_X0Y6/PHASER_OUT_PHY  | X0Y1         |           2 |               0 |        2.500 | oserdes_clk_9  | CORE_BD/core_wrapper_i/core_i/MemoryBuffer/dimm0_ctrl/u_core_dimm0_ctrl_0_mig/u_memc_ui_top_axi/mem_intfc0/ddr_phy_top0/u_ddr_mc_phy_wrapper/u_ddr_mc_phy/ddr_phy_4lanes_2.u_ddr_phy_4lanes/ddr_byte_lane_C.ddr_byte_lane_C/phaser_out/OCLKDELAYED | CORE_BD/core_wrapper_i/core_i/MemoryBuffer/dimm0_ctrl/u_core_dimm0_ctrl_0_mig/u_memc_ui_top_axi/mem_intfc0/ddr_phy_top0/u_ddr_mc_phy_wrapper/u_ddr_mc_phy/ddr_phy_4lanes_2.u_ddr_phy_4lanes/ddr_byte_lane_C.ddr_byte_lane_C/oserdes_clk_delayed |
| 11       | PHASER_OUT_PHY/OCLKDELAYED | PHASER_OUT_PHY_X0Y7  | PHASER_OUT_PHY_X0Y7/PHASER_OUT_PHY  | X0Y1         |           2 |               0 |        2.500 | oserdes_clk_10 | CORE_BD/core_wrapper_i/core_i/MemoryBuffer/dimm0_ctrl/u_core_dimm0_ctrl_0_mig/u_memc_ui_top_axi/mem_intfc0/ddr_phy_top0/u_ddr_mc_phy_wrapper/u_ddr_mc_phy/ddr_phy_4lanes_2.u_ddr_phy_4lanes/ddr_byte_lane_D.ddr_byte_lane_D/phaser_out/OCLKDELAYED | CORE_BD/core_wrapper_i/core_i/MemoryBuffer/dimm0_ctrl/u_core_dimm0_ctrl_0_mig/u_memc_ui_top_axi/mem_intfc0/ddr_phy_top0/u_ddr_mc_phy_wrapper/u_ddr_mc_phy/ddr_phy_4lanes_2.u_ddr_phy_4lanes/ddr_byte_lane_D.ddr_byte_lane_D/oserdes_clk_delayed |
| 12       | PHASER_OUT_PHY/OCLKDELAYED | PHASER_OUT_PHY_X1Y8  | PHASER_OUT_PHY_X1Y8/PHASER_OUT_PHY  | X1Y2         |           2 |               0 |        2.500 | oserdes_clk_11 | CORE_BD/core_wrapper_i/core_i/MemoryBuffer/dimm1_ctrl/u_core_dimm1_ctrl_0_mig/u_memc_ui_top_axi/mem_intfc0/ddr_phy_top0/u_ddr_mc_phy_wrapper/u_ddr_mc_phy/ddr_phy_4lanes_0.u_ddr_phy_4lanes/ddr_byte_lane_A.ddr_byte_lane_A/phaser_out/OCLKDELAYED | CORE_BD/core_wrapper_i/core_i/MemoryBuffer/dimm1_ctrl/u_core_dimm1_ctrl_0_mig/u_memc_ui_top_axi/mem_intfc0/ddr_phy_top0/u_ddr_mc_phy_wrapper/u_ddr_mc_phy/ddr_phy_4lanes_0.u_ddr_phy_4lanes/ddr_byte_lane_A.ddr_byte_lane_A/oserdes_clk_delayed |
| 13       | PHASER_OUT_PHY/OCLKDELAYED | PHASER_OUT_PHY_X1Y9  | PHASER_OUT_PHY_X1Y9/PHASER_OUT_PHY  | X1Y2         |           2 |               0 |        2.500 | oserdes_clk_12 | CORE_BD/core_wrapper_i/core_i/MemoryBuffer/dimm1_ctrl/u_core_dimm1_ctrl_0_mig/u_memc_ui_top_axi/mem_intfc0/ddr_phy_top0/u_ddr_mc_phy_wrapper/u_ddr_mc_phy/ddr_phy_4lanes_0.u_ddr_phy_4lanes/ddr_byte_lane_B.ddr_byte_lane_B/phaser_out/OCLKDELAYED | CORE_BD/core_wrapper_i/core_i/MemoryBuffer/dimm1_ctrl/u_core_dimm1_ctrl_0_mig/u_memc_ui_top_axi/mem_intfc0/ddr_phy_top0/u_ddr_mc_phy_wrapper/u_ddr_mc_phy/ddr_phy_4lanes_0.u_ddr_phy_4lanes/ddr_byte_lane_B.ddr_byte_lane_B/oserdes_clk_delayed |
| 14       | PHASER_OUT_PHY/OCLKDELAYED | PHASER_OUT_PHY_X1Y10 | PHASER_OUT_PHY_X1Y10/PHASER_OUT_PHY | X1Y2         |           2 |               0 |        2.500 | oserdes_clk_13 | CORE_BD/core_wrapper_i/core_i/MemoryBuffer/dimm1_ctrl/u_core_dimm1_ctrl_0_mig/u_memc_ui_top_axi/mem_intfc0/ddr_phy_top0/u_ddr_mc_phy_wrapper/u_ddr_mc_phy/ddr_phy_4lanes_0.u_ddr_phy_4lanes/ddr_byte_lane_C.ddr_byte_lane_C/phaser_out/OCLKDELAYED | CORE_BD/core_wrapper_i/core_i/MemoryBuffer/dimm1_ctrl/u_core_dimm1_ctrl_0_mig/u_memc_ui_top_axi/mem_intfc0/ddr_phy_top0/u_ddr_mc_phy_wrapper/u_ddr_mc_phy/ddr_phy_4lanes_0.u_ddr_phy_4lanes/ddr_byte_lane_C.ddr_byte_lane_C/oserdes_clk_delayed |
| 15       | PHASER_OUT_PHY/OCLKDELAYED | PHASER_OUT_PHY_X1Y11 | PHASER_OUT_PHY_X1Y11/PHASER_OUT_PHY | X1Y2         |           2 |               0 |        2.500 | oserdes_clk_14 | CORE_BD/core_wrapper_i/core_i/MemoryBuffer/dimm1_ctrl/u_core_dimm1_ctrl_0_mig/u_memc_ui_top_axi/mem_intfc0/ddr_phy_top0/u_ddr_mc_phy_wrapper/u_ddr_mc_phy/ddr_phy_4lanes_0.u_ddr_phy_4lanes/ddr_byte_lane_D.ddr_byte_lane_D/phaser_out/OCLKDELAYED | CORE_BD/core_wrapper_i/core_i/MemoryBuffer/dimm1_ctrl/u_core_dimm1_ctrl_0_mig/u_memc_ui_top_axi/mem_intfc0/ddr_phy_top0/u_ddr_mc_phy_wrapper/u_ddr_mc_phy/ddr_phy_4lanes_0.u_ddr_phy_4lanes/ddr_byte_lane_D.ddr_byte_lane_D/oserdes_clk_delayed |
| 16       | PHASER_OUT_PHY/OCLKDELAYED | PHASER_OUT_PHY_X1Y0  | PHASER_OUT_PHY_X1Y0/PHASER_OUT_PHY  | X1Y0         |           2 |               0 |        2.500 | oserdes_clk_18 | CORE_BD/core_wrapper_i/core_i/MemoryBuffer/dimm1_ctrl/u_core_dimm1_ctrl_0_mig/u_memc_ui_top_axi/mem_intfc0/ddr_phy_top0/u_ddr_mc_phy_wrapper/u_ddr_mc_phy/ddr_phy_4lanes_2.u_ddr_phy_4lanes/ddr_byte_lane_A.ddr_byte_lane_A/phaser_out/OCLKDELAYED | CORE_BD/core_wrapper_i/core_i/MemoryBuffer/dimm1_ctrl/u_core_dimm1_ctrl_0_mig/u_memc_ui_top_axi/mem_intfc0/ddr_phy_top0/u_ddr_mc_phy_wrapper/u_ddr_mc_phy/ddr_phy_4lanes_2.u_ddr_phy_4lanes/ddr_byte_lane_A.ddr_byte_lane_A/oserdes_clk_delayed |
| 17       | PHASER_OUT_PHY/OCLKDELAYED | PHASER_OUT_PHY_X1Y1  | PHASER_OUT_PHY_X1Y1/PHASER_OUT_PHY  | X1Y0         |           2 |               0 |        2.500 | oserdes_clk_19 | CORE_BD/core_wrapper_i/core_i/MemoryBuffer/dimm1_ctrl/u_core_dimm1_ctrl_0_mig/u_memc_ui_top_axi/mem_intfc0/ddr_phy_top0/u_ddr_mc_phy_wrapper/u_ddr_mc_phy/ddr_phy_4lanes_2.u_ddr_phy_4lanes/ddr_byte_lane_B.ddr_byte_lane_B/phaser_out/OCLKDELAYED | CORE_BD/core_wrapper_i/core_i/MemoryBuffer/dimm1_ctrl/u_core_dimm1_ctrl_0_mig/u_memc_ui_top_axi/mem_intfc0/ddr_phy_top0/u_ddr_mc_phy_wrapper/u_ddr_mc_phy/ddr_phy_4lanes_2.u_ddr_phy_4lanes/ddr_byte_lane_B.ddr_byte_lane_B/oserdes_clk_delayed |
| 18       | PHASER_OUT_PHY/OCLKDELAYED | PHASER_OUT_PHY_X1Y2  | PHASER_OUT_PHY_X1Y2/PHASER_OUT_PHY  | X1Y0         |           2 |               0 |        2.500 | oserdes_clk_20 | CORE_BD/core_wrapper_i/core_i/MemoryBuffer/dimm1_ctrl/u_core_dimm1_ctrl_0_mig/u_memc_ui_top_axi/mem_intfc0/ddr_phy_top0/u_ddr_mc_phy_wrapper/u_ddr_mc_phy/ddr_phy_4lanes_2.u_ddr_phy_4lanes/ddr_byte_lane_C.ddr_byte_lane_C/phaser_out/OCLKDELAYED | CORE_BD/core_wrapper_i/core_i/MemoryBuffer/dimm1_ctrl/u_core_dimm1_ctrl_0_mig/u_memc_ui_top_axi/mem_intfc0/ddr_phy_top0/u_ddr_mc_phy_wrapper/u_ddr_mc_phy/ddr_phy_4lanes_2.u_ddr_phy_4lanes/ddr_byte_lane_C.ddr_byte_lane_C/oserdes_clk_delayed |
| 19       | PHASER_OUT_PHY/OCLKDELAYED | PHASER_OUT_PHY_X1Y3  | PHASER_OUT_PHY_X1Y3/PHASER_OUT_PHY  | X1Y0         |           2 |               0 |        2.500 | oserdes_clk_21 | CORE_BD/core_wrapper_i/core_i/MemoryBuffer/dimm1_ctrl/u_core_dimm1_ctrl_0_mig/u_memc_ui_top_axi/mem_intfc0/ddr_phy_top0/u_ddr_mc_phy_wrapper/u_ddr_mc_phy/ddr_phy_4lanes_2.u_ddr_phy_4lanes/ddr_byte_lane_D.ddr_byte_lane_D/phaser_out/OCLKDELAYED | CORE_BD/core_wrapper_i/core_i/MemoryBuffer/dimm1_ctrl/u_core_dimm1_ctrl_0_mig/u_memc_ui_top_axi/mem_intfc0/ddr_phy_top0/u_ddr_mc_phy_wrapper/u_ddr_mc_phy/ddr_phy_4lanes_2.u_ddr_phy_4lanes/ddr_byte_lane_D.ddr_byte_lane_D/oserdes_clk_delayed |
+----------+----------------------------+----------------------+-------------------------------------+--------------+-------------+-----------------+--------------+----------------+----------------------------------------------------------------------------------------------------------------------------------------------------------------------------------------------------------------------------------------------------+-------------------------------------------------------------------------------------------------------------------------------------------------------------------------------------------------------------------------------------------------+
* Local Clocks in this context represents only clocks driven by non-global buffers
** Clock Loads column represents the clock pin loads (pin count)
*** Non-Clock Loads column represents the non-clock pin loads (pin count)


5. Clock Regions: Key Resource Utilization
------------------------------------------

+-------------------+--------------+--------------+--------------+--------------+--------------+--------------+--------------+--------------+--------------+--------------+--------------+--------------+--------------+--------------+--------------+
|                   | Global Clock |     BUFRs    |    BUFMRs    |    BUFIOs    |     MMCM     |      PLL     |      GT      |      PCI     |    ILOGIC    |    OLOGIC    |      FF      |     LUTM     |    RAMB18    |    RAMB36    |    DSP48E2   |
+-------------------+------+-------+------+-------+------+-------+------+-------+------+-------+------+-------+------+-------+------+-------+------+-------+------+-------+------+-------+------+-------+------+-------+------+-------+------+-------+
| Clock Region Name | Used | Avail | Used | Avail | Used | Avail | Used | Avail | Used | Avail | Used | Avail | Used | Avail | Used | Avail | Used | Avail | Used | Avail | Used | Avail | Used | Avail | Used | Avail | Used | Avail | Used | Avail |
+-------------------+------+-------+------+-------+------+-------+------+-------+------+-------+------+-------+------+-------+------+-------+------+-------+------+-------+------+-------+------+-------+------+-------+------+-------+------+-------+
| X0Y0              |    4 |    12 |    0 |     4 |    0 |     2 |    0 |     4 |    0 |     1 |    0 |     1 |    0 |     0 |    0 |     0 |    0 |    50 |    0 |    50 | 8632 |  2800 | 2725 |   850 |   16 |    60 |    3 |    30 |    0 |    60 |
| X1Y0              |    3 |    12 |    0 |     4 |    0 |     2 |    0 |     4 |    0 |     1 |    0 |     1 |    0 |     0 |    0 |     0 |    0 |    50 |    8 |    50 | 7298 |  2700 | 2756 |   950 |    0 |    80 |    0 |    40 |    0 |    60 |
| X0Y1              |    4 |    12 |    0 |     4 |    0 |     2 |    0 |     4 |    0 |     1 |    0 |     1 |    0 |     0 |    0 |     0 |    0 |    50 |    8 |    50 | 8496 |  2800 | 2854 |   850 |    0 |    60 |   10 |    30 |    0 |    60 |
| X1Y1              |    5 |    12 |    0 |     4 |    0 |     2 |    0 |     4 |    1 |     1 |    0 |     1 |    0 |     0 |    0 |     0 |    0 |    50 |    0 |    50 | 8051 |  2700 | 3419 |   950 |    0 |    80 |    4 |    40 |    0 |    60 |
| X0Y2              |    4 |    12 |    0 |     4 |    0 |     2 |    0 |     4 |    1 |     1 |    0 |     1 |    0 |     0 |    0 |     0 |    4 |    50 |    0 |    50 | 6213 |  2200 | 2817 |   850 |    0 |    60 |    0 |    30 |    0 |    60 |
| X1Y2              |    6 |    12 |    0 |     4 |    0 |     2 |    0 |     4 |    1 |     1 |    0 |     1 |    0 |     0 |    0 |     0 |    0 |    50 |    8 |    50 | 7796 |  2700 | 2961 |   950 |    0 |    80 |    0 |    40 |    0 |    60 |
| X0Y3              |    5 |    12 |    0 |     4 |    0 |     2 |    0 |     4 |    0 |     1 |    0 |     1 |    0 |     0 |    0 |     0 |    0 |    50 |    8 |    50 | 6270 |  2200 | 2440 |   850 |    0 |    60 |   17 |    30 |    0 |    60 |
| X1Y3              |    5 |    12 |    0 |     0 |    0 |     0 |    0 |     0 |    0 |     0 |    0 |     0 |    2 |     4 |    0 |     1 |    0 |     0 |    0 |     0 | 6506 |  2150 | 3161 |   800 |    1 |    50 |   11 |    25 |    6 |    60 |
| X0Y4              |    3 |    12 |    0 |     4 |    0 |     2 |    0 |     4 |    0 |     1 |    0 |     1 |    0 |     0 |    0 |     0 |    0 |    50 |    0 |    50 | 1710 |  2800 |  500 |   850 |    0 |    60 |   27 |    30 |    0 |    60 |
| X1Y4              |    4 |    12 |    0 |     0 |    0 |     0 |    0 |     0 |    0 |     0 |    0 |     0 |    0 |     4 |    0 |     0 |    0 |     0 |    0 |     0 |  917 |  2300 |  389 |   850 |    0 |    60 |   16 |    30 |    3 |    60 |
+-------------------+------+-------+------+-------+------+-------+------+-------+------+-------+------+-------+------+-------+------+-------+------+-------+------+-------+------+-------+------+-------+------+-------+------+-------+------+-------+
* Global Clock column represents track count; while other columns represents cell counts


6. Clock Regions : Global Clock Summary
---------------------------------------

+----+----+----+
|    | X0 | X1 |
+----+----+----+
| Y4 |  3 |  4 |
| Y3 |  5 |  5 |
| Y2 |  4 |  6 |
| Y1 |  4 |  5 |
| Y0 |  4 |  3 |
+----+----+----+


7. Cell Type Counts per Global Clock: Region X0Y0
-------------------------------------------------

+-----------+-------+-----------------+------------+-------------+-----------------+------+--------+------+-----+----+------+-----+---------+---------------------------------------------------------------------------------------------------------+
| Global Id | Track | Driver Type/Pin | Constraint | Clock Loads | Non-Clock Loads | FF   | LUTRAM | RAMB | DSP | GT | MMCM | PLL | Hard IP | Net                                                                                                     |
+-----------+-------+-----------------+------------+-------------+-----------------+------+--------+------+-----+----+------+-----+---------+---------------------------------------------------------------------------------------------------------+
| g0        | n/a   | BUFG/O          | None       |         346 |               0 |  346 |      0 |    0 |   0 |  0 |    0 |   0 |       0 | CORE_BD/core_wrapper_i/core_i/MemoryBuffer/dimm0_ctrl/u_core_dimm0_ctrl_0_mig/u_ddr3_infrastructure/CLK |
| g1        | n/a   | BUFG/O          | None       |        1247 |               0 | 1247 |      0 |    0 |   0 |  0 |    0 |   0 |       0 | CORE_BD/core_wrapper_i/core_i/MemoryBuffer/dimm1_ctrl/u_core_dimm1_ctrl_0_mig/u_ddr3_infrastructure/CLK |
| g2        | n/a   | BUFG/O          | None       |        7072 |               0 | 7036 |      0 |   19 |   0 |  0 |    0 |   0 |       0 | CORE_BD/core_wrapper_i/core_i/clk_wiz_1/inst/clk_out2                                                   |
| g3        | n/a   | BUFG/O          | None       |          21 |               0 |    3 |      0 |   12 |   0 |  0 |    0 |   0 |       0 | CORE_BD/core_wrapper_i/core_i/clk_wiz_1/inst/clk_out1                                                   |
+-----------+-------+-----------------+------------+-------------+-----------------+------+--------+------+-----+----+------+-----+---------+---------------------------------------------------------------------------------------------------------+
* Clock Loads column represents the clock pin loads (pin count)
** Non-Clock Loads column represents the non-clock pin loads (pin count)
*** Columns FF, LUTRAM, RAMB through 'Hard IP' represents load cell counts


8. Cell Type Counts per Global Clock: Region X1Y0
-------------------------------------------------

+-----------+-------+-----------------+------------+-------------+-----------------+------+--------+------+-----+----+------+-----+---------+-----------------------------------------------------------------------------------------------------------------------------+
| Global Id | Track | Driver Type/Pin | Constraint | Clock Loads | Non-Clock Loads | FF   | LUTRAM | RAMB | DSP | GT | MMCM | PLL | Hard IP | Net                                                                                                                         |
+-----------+-------+-----------------+------------+-------------+-----------------+------+--------+------+-----+----+------+-----+---------+-----------------------------------------------------------------------------------------------------------------------------+
| g1        | n/a   | BUFG/O          | None       |        7612 |               0 | 7231 |    332 |    0 |   0 |  0 |    0 |   0 |       0 | CORE_BD/core_wrapper_i/core_i/MemoryBuffer/dimm1_ctrl/u_core_dimm1_ctrl_0_mig/u_ddr3_infrastructure/CLK                     |
| g2        | n/a   | BUFG/O          | None       |          52 |               0 |   52 |      0 |    0 |   0 |  0 |    0 |   0 |       0 | CORE_BD/core_wrapper_i/core_i/clk_wiz_1/inst/clk_out2                                                                       |
| g8        | n/a   | BUFG/O          | None       |          16 |               0 |   15 |      0 |    0 |   0 |  0 |    0 |   0 |       0 | CORE_BD/core_wrapper_i/core_i/MemoryBuffer/dimm1_ctrl/u_core_dimm1_ctrl_0_mig/u_iodelay_ctrl/clk_ref_200.u_bufg_clk_ref_n_0 |
+-----------+-------+-----------------+------------+-------------+-----------------+------+--------+------+-----+----+------+-----+---------+-----------------------------------------------------------------------------------------------------------------------------+
* Clock Loads column represents the clock pin loads (pin count)
** Non-Clock Loads column represents the non-clock pin loads (pin count)
*** Columns FF, LUTRAM, RAMB through 'Hard IP' represents load cell counts


9. Cell Type Counts per Global Clock: Region X0Y1
-------------------------------------------------

+-----------+-------+-----------------+------------+-------------+-----------------+------+--------+------+-----+----+------+-----+---------+-----------------------------------------------------------------------------------------------------------------------------+
| Global Id | Track | Driver Type/Pin | Constraint | Clock Loads | Non-Clock Loads | FF   | LUTRAM | RAMB | DSP | GT | MMCM | PLL | Hard IP | Net                                                                                                                         |
+-----------+-------+-----------------+------------+-------------+-----------------+------+--------+------+-----+----+------+-----+---------+-----------------------------------------------------------------------------------------------------------------------------+
| g0        | n/a   | BUFG/O          | None       |        7386 |               0 | 7012 |    325 |    0 |   0 |  0 |    0 |   0 |       0 | CORE_BD/core_wrapper_i/core_i/MemoryBuffer/dimm0_ctrl/u_core_dimm0_ctrl_0_mig/u_ddr3_infrastructure/CLK                     |
| g2        | n/a   | BUFG/O          | None       |        1465 |               0 | 1455 |      0 |   10 |   0 |  0 |    0 |   0 |       0 | CORE_BD/core_wrapper_i/core_i/clk_wiz_1/inst/clk_out2                                                                       |
| g3        | n/a   | BUFG/O          | None       |          33 |               0 |   29 |      0 |    4 |   0 |  0 |    0 |   0 |       0 | CORE_BD/core_wrapper_i/core_i/clk_wiz_1/inst/clk_out1                                                                       |
| g7        | n/a   | BUFG/O          | None       |           1 |               0 |    0 |      0 |    0 |   0 |  0 |    0 |   0 |       0 | CORE_BD/core_wrapper_i/core_i/MemoryBuffer/dimm0_ctrl/u_core_dimm0_ctrl_0_mig/u_iodelay_ctrl/clk_ref_200.u_bufg_clk_ref_n_0 |
+-----------+-------+-----------------+------------+-------------+-----------------+------+--------+------+-----+----+------+-----+---------+-----------------------------------------------------------------------------------------------------------------------------+
* Clock Loads column represents the clock pin loads (pin count)
** Non-Clock Loads column represents the non-clock pin loads (pin count)
*** Columns FF, LUTRAM, RAMB through 'Hard IP' represents load cell counts


10. Cell Type Counts per Global Clock: Region X1Y1
--------------------------------------------------

+-----------+-------+-----------------+------------+-------------+-----------------+------+--------+------+-----+----+------+-----+---------+--------------------------------------------------------------------------------------------------------------+
| Global Id | Track | Driver Type/Pin | Constraint | Clock Loads | Non-Clock Loads | FF   | LUTRAM | RAMB | DSP | GT | MMCM | PLL | Hard IP | Net                                                                                                          |
+-----------+-------+-----------------+------------+-------------+-----------------+------+--------+------+-----+----+------+-----+---------+--------------------------------------------------------------------------------------------------------------+
| g0        | n/a   | BUFG/O          | None       |          71 |               0 |   71 |      0 |    0 |   0 |  0 |    0 |   0 |       0 | CORE_BD/core_wrapper_i/core_i/MemoryBuffer/dimm0_ctrl/u_core_dimm0_ctrl_0_mig/u_ddr3_infrastructure/CLK      |
| g1        | n/a   | BUFG/O          | None       |        7066 |               0 | 6631 |    427 |    0 |   0 |  0 |    1 |   0 |       0 | CORE_BD/core_wrapper_i/core_i/MemoryBuffer/dimm1_ctrl/u_core_dimm1_ctrl_0_mig/u_ddr3_infrastructure/CLK      |
| g2        | n/a   | BUFG/O          | None       |        1313 |               0 | 1309 |      0 |    4 |   0 |  0 |    0 |   0 |       0 | CORE_BD/core_wrapper_i/core_i/clk_wiz_1/inst/clk_out2                                                        |
| g3        | n/a   | BUFG/O          | None       |          42 |               0 |   40 |      0 |    2 |   0 |  0 |    0 |   0 |       0 | CORE_BD/core_wrapper_i/core_i/clk_wiz_1/inst/clk_out1                                                        |
| g10       | n/a   | BUFH/O          | None       |           1 |               0 |    0 |      0 |    0 |   0 |  0 |    1 |   0 |       0 | CORE_BD/core_wrapper_i/core_i/MemoryBuffer/dimm1_ctrl/u_core_dimm1_ctrl_0_mig/u_ddr3_infrastructure/pll_clk3 |
+-----------+-------+-----------------+------------+-------------+-----------------+------+--------+------+-----+----+------+-----+---------+--------------------------------------------------------------------------------------------------------------+
* Clock Loads column represents the clock pin loads (pin count)
** Non-Clock Loads column represents the non-clock pin loads (pin count)
*** Columns FF, LUTRAM, RAMB through 'Hard IP' represents load cell counts


11. Cell Type Counts per Global Clock: Region X0Y2
--------------------------------------------------

+-----------+-------+-----------------+------------+-------------+-----------------+------+--------+------+-----+----+------+-----+---------+--------------------------------------------------------------------------------------------------------------+
| Global Id | Track | Driver Type/Pin | Constraint | Clock Loads | Non-Clock Loads | FF   | LUTRAM | RAMB | DSP | GT | MMCM | PLL | Hard IP | Net                                                                                                          |
+-----------+-------+-----------------+------------+-------------+-----------------+------+--------+------+-----+----+------+-----+---------+--------------------------------------------------------------------------------------------------------------+
| g0        | n/a   | BUFG/O          | None       |        6587 |               0 | 6206 |    373 |    0 |   0 |  0 |    1 |   0 |       0 | CORE_BD/core_wrapper_i/core_i/MemoryBuffer/dimm0_ctrl/u_core_dimm0_ctrl_0_mig/u_ddr3_infrastructure/CLK      |
| g3        | n/a   | BUFG/O          | None       |           5 |               0 |    3 |      1 |    0 |   0 |  0 |    0 |   0 |       0 | CORE_BD/core_wrapper_i/core_i/clk_wiz_1/inst/clk_out1                                                        |
| g5        | n/a   | BUFG/O          | None       |           4 |               0 |    4 |      0 |    0 |   0 |  0 |    0 |   0 |       0 | CORE_BD/core_wrapper_i/core_i/clk_wiz_1/inst/clk_out3                                                        |
| g9        | n/a   | BUFH/O          | None       |           1 |               0 |    0 |      0 |    0 |   0 |  0 |    1 |   0 |       0 | CORE_BD/core_wrapper_i/core_i/MemoryBuffer/dimm0_ctrl/u_core_dimm0_ctrl_0_mig/u_ddr3_infrastructure/pll_clk3 |
+-----------+-------+-----------------+------------+-------------+-----------------+------+--------+------+-----+----+------+-----+---------+--------------------------------------------------------------------------------------------------------------+
* Clock Loads column represents the clock pin loads (pin count)
** Non-Clock Loads column represents the non-clock pin loads (pin count)
*** Columns FF, LUTRAM, RAMB through 'Hard IP' represents load cell counts


12. Cell Type Counts per Global Clock: Region X1Y2
--------------------------------------------------

+-----------+-------+-----------------+------------+-------------+-----------------+------+--------+------+-----+----+------+-----+---------+-----------------------------------------------------------------------------------------------------------------------------+
| Global Id | Track | Driver Type/Pin | Constraint | Clock Loads | Non-Clock Loads | FF   | LUTRAM | RAMB | DSP | GT | MMCM | PLL | Hard IP | Net                                                                                                                         |
+-----------+-------+-----------------+------------+-------------+-----------------+------+--------+------+-----+----+------+-----+---------+-----------------------------------------------------------------------------------------------------------------------------+
| g0        | n/a   | BUFG/O          | None       |        1706 |               0 | 1576 |    130 |    0 |   0 |  0 |    0 |   0 |       0 | CORE_BD/core_wrapper_i/core_i/MemoryBuffer/dimm0_ctrl/u_core_dimm0_ctrl_0_mig/u_ddr3_infrastructure/CLK                     |
| g1        | n/a   | BUFG/O          | None       |        3634 |               0 | 3377 |    207 |    0 |   0 |  0 |    1 |   0 |       0 | CORE_BD/core_wrapper_i/core_i/MemoryBuffer/dimm1_ctrl/u_core_dimm1_ctrl_0_mig/u_ddr3_infrastructure/CLK                     |
| g2        | n/a   | BUFG/O          | None       |        2261 |               0 | 2230 |     31 |    0 |   0 |  0 |    0 |   0 |       0 | CORE_BD/core_wrapper_i/core_i/clk_wiz_1/inst/clk_out2                                                                       |
| g3        | n/a   | BUFG/O          | None       |         613 |               0 |  613 |      0 |    0 |   0 |  0 |    0 |   0 |       0 | CORE_BD/core_wrapper_i/core_i/clk_wiz_1/inst/clk_out1                                                                       |
| g8        | n/a   | BUFG/O          | None       |           1 |               0 |    0 |      0 |    0 |   0 |  0 |    0 |   0 |       0 | CORE_BD/core_wrapper_i/core_i/MemoryBuffer/dimm1_ctrl/u_core_dimm1_ctrl_0_mig/u_iodelay_ctrl/clk_ref_200.u_bufg_clk_ref_n_0 |
| g11       | n/a   | BUFG/O          | None       |           1 |               0 |    0 |      0 |    0 |   0 |  0 |    1 |   0 |       0 | CORE_BD/core_wrapper_i/core_i/clk_wiz_1/inst/clkfbout_buf_core_clk_wiz_1_0                                                  |
+-----------+-------+-----------------+------------+-------------+-----------------+------+--------+------+-----+----+------+-----+---------+-----------------------------------------------------------------------------------------------------------------------------+
* Clock Loads column represents the clock pin loads (pin count)
** Non-Clock Loads column represents the non-clock pin loads (pin count)
*** Columns FF, LUTRAM, RAMB through 'Hard IP' represents load cell counts


13. Cell Type Counts per Global Clock: Region X0Y3
--------------------------------------------------

+-----------+-------+-----------------+------------+-------------+-----------------+------+--------+------+-----+----+------+-----+---------+-----------------------------------------------------------------------------------------------------------------------------+
| Global Id | Track | Driver Type/Pin | Constraint | Clock Loads | Non-Clock Loads | FF   | LUTRAM | RAMB | DSP | GT | MMCM | PLL | Hard IP | Net                                                                                                                         |
+-----------+-------+-----------------+------------+-------------+-----------------+------+--------+------+-----+----+------+-----+---------+-----------------------------------------------------------------------------------------------------------------------------+
| g0        | n/a   | BUFG/O          | None       |        3168 |               0 | 3037 |     82 |    0 |   0 |  0 |    0 |   0 |       0 | CORE_BD/core_wrapper_i/core_i/MemoryBuffer/dimm0_ctrl/u_core_dimm0_ctrl_0_mig/u_ddr3_infrastructure/CLK                     |
| g3        | n/a   | BUFG/O          | None       |        2958 |               0 | 2871 |     68 |   17 |   0 |  0 |    0 |   0 |       0 | CORE_BD/core_wrapper_i/core_i/clk_wiz_1/inst/clk_out1                                                                       |
| g5        | n/a   | BUFG/O          | None       |         205 |               0 |  205 |      0 |    0 |   0 |  0 |    0 |   0 |       0 | CORE_BD/core_wrapper_i/core_i/clk_wiz_1/inst/clk_out3                                                                       |
| g6        | n/a   | BUFG/O          | None       |         151 |               0 |  142 |      9 |    0 |   0 |  0 |    0 |   0 |       0 | CORE_BD/core_wrapper_i/core_i/MCU/mdm_1/U0/No_Dbg_Reg_Access.BUFG_DRCK/Ext_JTAG_DRCK                                        |
| g7        | n/a   | BUFG/O          | None       |          16 |               0 |   15 |      0 |    0 |   0 |  0 |    0 |   0 |       0 | CORE_BD/core_wrapper_i/core_i/MemoryBuffer/dimm0_ctrl/u_core_dimm0_ctrl_0_mig/u_iodelay_ctrl/clk_ref_200.u_bufg_clk_ref_n_0 |
+-----------+-------+-----------------+------------+-------------+-----------------+------+--------+------+-----+----+------+-----+---------+-----------------------------------------------------------------------------------------------------------------------------+
* Clock Loads column represents the clock pin loads (pin count)
** Non-Clock Loads column represents the non-clock pin loads (pin count)
*** Columns FF, LUTRAM, RAMB through 'Hard IP' represents load cell counts


14. Cell Type Counts per Global Clock: Region X1Y3
--------------------------------------------------

+-----------+-------+-----------------+------------+-------------+-----------------+------+--------+------+-----+----+------+-----+---------+---------------------------------------------------------------------------------------------------------+
| Global Id | Track | Driver Type/Pin | Constraint | Clock Loads | Non-Clock Loads | FF   | LUTRAM | RAMB | DSP | GT | MMCM | PLL | Hard IP | Net                                                                                                     |
+-----------+-------+-----------------+------------+-------------+-----------------+------+--------+------+-----+----+------+-----+---------+---------------------------------------------------------------------------------------------------------+
| g0        | n/a   | BUFG/O          | None       |         445 |               0 |  389 |     56 |    0 |   0 |  0 |    0 |   0 |       0 | CORE_BD/core_wrapper_i/core_i/MemoryBuffer/dimm0_ctrl/u_core_dimm0_ctrl_0_mig/u_ddr3_infrastructure/CLK |
| g2        | n/a   | BUFG/O          | None       |        4088 |               0 | 3621 |    454 |    6 |   6 |  0 |    0 |   0 |       0 | CORE_BD/core_wrapper_i/core_i/clk_wiz_1/inst/clk_out2                                                   |
| g3        | n/a   | BUFG/O          | None       |         780 |               0 |  764 |      8 |    7 |   0 |  0 |    0 |   0 |       0 | CORE_BD/core_wrapper_i/core_i/clk_wiz_1/inst/clk_out1                                                   |
| g4        | n/a   | BUFG/O          | None       |        1523 |               0 | 1435 |     83 |    2 |   0 |  2 |    0 |   0 |       0 | MGT/MGT/EXP_CLOCK/USER_CLK                                                                              |
| g5        | n/a   | BUFG/O          | None       |         302 |               0 |  297 |      2 |    0 |   0 |  2 |    0 |   0 |       0 | CORE_BD/core_wrapper_i/core_i/clk_wiz_1/inst/clk_out3                                                   |
+-----------+-------+-----------------+------------+-------------+-----------------+------+--------+------+-----+----+------+-----+---------+---------------------------------------------------------------------------------------------------------+
* Clock Loads column represents the clock pin loads (pin count)
** Non-Clock Loads column represents the non-clock pin loads (pin count)
*** Columns FF, LUTRAM, RAMB through 'Hard IP' represents load cell counts


15. Cell Type Counts per Global Clock: Region X0Y4
--------------------------------------------------

+-----------+-------+-----------------+------------+-------------+-----------------+------+--------+------+-----+----+------+-----+---------+--------------------------------------------------------------------------------------+
| Global Id | Track | Driver Type/Pin | Constraint | Clock Loads | Non-Clock Loads | FF   | LUTRAM | RAMB | DSP | GT | MMCM | PLL | Hard IP | Net                                                                                  |
+-----------+-------+-----------------+------------+-------------+-----------------+------+--------+------+-----+----+------+-----+---------+--------------------------------------------------------------------------------------+
| g3        | n/a   | BUFG/O          | None       |        1657 |               0 | 1523 |    107 |   27 |   0 |  0 |    0 |   0 |       0 | CORE_BD/core_wrapper_i/core_i/clk_wiz_1/inst/clk_out1                                |
| g5        | n/a   | BUFG/O          | None       |          33 |               0 |   33 |      0 |    0 |   0 |  0 |    0 |   0 |       0 | CORE_BD/core_wrapper_i/core_i/clk_wiz_1/inst/clk_out3                                |
| g6        | n/a   | BUFG/O          | None       |         175 |               0 |  154 |     21 |    0 |   0 |  0 |    0 |   0 |       0 | CORE_BD/core_wrapper_i/core_i/MCU/mdm_1/U0/No_Dbg_Reg_Access.BUFG_DRCK/Ext_JTAG_DRCK |
+-----------+-------+-----------------+------------+-------------+-----------------+------+--------+------+-----+----+------+-----+---------+--------------------------------------------------------------------------------------+
* Clock Loads column represents the clock pin loads (pin count)
** Non-Clock Loads column represents the non-clock pin loads (pin count)
*** Columns FF, LUTRAM, RAMB through 'Hard IP' represents load cell counts


16. Cell Type Counts per Global Clock: Region X1Y4
--------------------------------------------------

+-----------+-------+-----------------+------------+-------------+-----------------+-----+--------+------+-----+----+------+-----+---------+-------------------------------------------------------+
| Global Id | Track | Driver Type/Pin | Constraint | Clock Loads | Non-Clock Loads | FF  | LUTRAM | RAMB | DSP | GT | MMCM | PLL | Hard IP | Net                                                   |
+-----------+-------+-----------------+------------+-------------+-----------------+-----+--------+------+-----+----+------+-----+---------+-------------------------------------------------------+
| g2        | n/a   | BUFG/O          | None       |         366 |               0 | 360 |      0 |    2 |   3 |  0 |    0 |   0 |       0 | CORE_BD/core_wrapper_i/core_i/clk_wiz_1/inst/clk_out2 |
| g3        | n/a   | BUFG/O          | None       |         471 |               0 | 444 |     11 |   16 |   0 |  0 |    0 |   0 |       0 | CORE_BD/core_wrapper_i/core_i/clk_wiz_1/inst/clk_out1 |
| g4        | n/a   | BUFG/O          | None       |         106 |               0 | 103 |      2 |    0 |   0 |  0 |    0 |   0 |       0 | MGT/MGT/EXP_CLOCK/USER_CLK                            |
| g5        | n/a   | BUFG/O          | None       |          10 |               0 |  10 |      0 |    0 |   0 |  0 |    0 |   0 |       0 | CORE_BD/core_wrapper_i/core_i/clk_wiz_1/inst/clk_out3 |
+-----------+-------+-----------------+------------+-------------+-----------------+-----+--------+------+-----+----+------+-----+---------+-------------------------------------------------------+
* Clock Loads column represents the clock pin loads (pin count)
** Non-Clock Loads column represents the non-clock pin loads (pin count)
*** Columns FF, LUTRAM, RAMB through 'Hard IP' represents load cell counts


17. Load Cell Placement Summary for Global Clock g0
---------------------------------------------------

+-----------+-----------------+-------------------+-----------+-------------+---------------+----------+-------------+----------+----------------+----------+---------------------------------------------------------------------------------------------------------+
| Global Id | Driver Type/Pin | Driver Region (D) | Clock     | Period (ns) | Waveform (ns) | Root (R) | Slice Loads | IO Loads | Clocking Loads | GT Loads | Net                                                                                                     |
+-----------+-----------------+-------------------+-----------+-------------+---------------+----------+-------------+----------+----------------+----------+---------------------------------------------------------------------------------------------------------+
| g0        | BUFG/O          | n/a               | clk_pll_i |      10.000 | {0.000 5.000} |          |       19708 |        0 |              1 |        0 | CORE_BD/core_wrapper_i/core_i/MemoryBuffer/dimm0_ctrl/u_core_dimm0_ctrl_0_mig/u_ddr3_infrastructure/CLK |
+-----------+-----------------+-------------------+-----------+-------------+---------------+----------+-------------+----------+----------------+----------+---------------------------------------------------------------------------------------------------------+
* Slice Loads column represents load cell count of all cell types other than IO, GT and clock resources
** IO Loads column represents load cell count of IO types
*** Clocking Loads column represents load cell count that are clock resources (global clock buffer, MMCM, PLL, etc)
**** GT Loads column represents load cell count of GT types


+----+-------+-------+
|    | X0    | X1    |
+----+-------+-------+
| Y4 |     0 |     0 |
| Y3 |  3168 |   445 |
| Y2 |  6587 |  1706 |
| Y1 |  7386 |    71 |
| Y0 |   346 |     0 |
+----+-------+-------+


18. Load Cell Placement Summary for Global Clock g1
---------------------------------------------------

+-----------+-----------------+-------------------+-------------+-------------+---------------+----------+-------------+----------+----------------+----------+---------------------------------------------------------------------------------------------------------+
| Global Id | Driver Type/Pin | Driver Region (D) | Clock       | Period (ns) | Waveform (ns) | Root (R) | Slice Loads | IO Loads | Clocking Loads | GT Loads | Net                                                                                                     |
+-----------+-----------------+-------------------+-------------+-------------+---------------+----------+-------------+----------+----------------+----------+---------------------------------------------------------------------------------------------------------+
| g1        | BUFG/O          | n/a               | clk_pll_i_1 |      10.000 | {0.000 5.000} |          |       19557 |        0 |              2 |        0 | CORE_BD/core_wrapper_i/core_i/MemoryBuffer/dimm1_ctrl/u_core_dimm1_ctrl_0_mig/u_ddr3_infrastructure/CLK |
+-----------+-----------------+-------------------+-------------+-------------+---------------+----------+-------------+----------+----------------+----------+---------------------------------------------------------------------------------------------------------+
* Slice Loads column represents load cell count of all cell types other than IO, GT and clock resources
** IO Loads column represents load cell count of IO types
*** Clocking Loads column represents load cell count that are clock resources (global clock buffer, MMCM, PLL, etc)
**** GT Loads column represents load cell count of GT types


+----+-------+-------+
|    | X0    | X1    |
+----+-------+-------+
| Y4 |     0 |     0 |
| Y3 |     0 |     0 |
| Y2 |     0 |  3634 |
| Y1 |     0 |  7066 |
| Y0 |  1247 |  7612 |
+----+-------+-------+


19. Load Cell Placement Summary for Global Clock g2
---------------------------------------------------

+-----------+-----------------+-------------------+---------------------------+-------------+---------------+----------+-------------+----------+----------------+----------+-------------------------------------------------------+
| Global Id | Driver Type/Pin | Driver Region (D) | Clock                     | Period (ns) | Waveform (ns) | Root (R) | Slice Loads | IO Loads | Clocking Loads | GT Loads | Net                                                   |
+-----------+-----------------+-------------------+---------------------------+-------------+---------------+----------+-------------+----------+----------------+----------+-------------------------------------------------------+
| g2        | BUFG/O          | n/a               | clk_out2_core_clk_wiz_1_0 |      11.765 | {0.000 5.882} |          |       16617 |        0 |              0 |        0 | CORE_BD/core_wrapper_i/core_i/clk_wiz_1/inst/clk_out2 |
+-----------+-----------------+-------------------+---------------------------+-------------+---------------+----------+-------------+----------+----------------+----------+-------------------------------------------------------+
* Slice Loads column represents load cell count of all cell types other than IO, GT and clock resources
** IO Loads column represents load cell count of IO types
*** Clocking Loads column represents load cell count that are clock resources (global clock buffer, MMCM, PLL, etc)
**** GT Loads column represents load cell count of GT types


+----+-------+-------+
|    | X0    | X1    |
+----+-------+-------+
| Y4 |     0 |   366 |
| Y3 |     0 |  4088 |
| Y2 |     0 |  2261 |
| Y1 |  1465 |  1313 |
| Y0 |  7072 |    52 |
+----+-------+-------+


20. Load Cell Placement Summary for Global Clock g3
---------------------------------------------------

+-----------+-----------------+-------------------+---------------------------+-------------+---------------+----------+-------------+----------+----------------+----------+-------------------------------------------------------+
| Global Id | Driver Type/Pin | Driver Region (D) | Clock                     | Period (ns) | Waveform (ns) | Root (R) | Slice Loads | IO Loads | Clocking Loads | GT Loads | Net                                                   |
+-----------+-----------------+-------------------+---------------------------+-------------+---------------+----------+-------------+----------+----------------+----------+-------------------------------------------------------+
| g3        | BUFG/O          | n/a               | clk_out1_core_clk_wiz_1_0 |      10.000 | {0.000 5.000} |          |        6580 |        0 |              0 |        0 | CORE_BD/core_wrapper_i/core_i/clk_wiz_1/inst/clk_out1 |
+-----------+-----------------+-------------------+---------------------------+-------------+---------------+----------+-------------+----------+----------------+----------+-------------------------------------------------------+
* Slice Loads column represents load cell count of all cell types other than IO, GT and clock resources
** IO Loads column represents load cell count of IO types
*** Clocking Loads column represents load cell count that are clock resources (global clock buffer, MMCM, PLL, etc)
**** GT Loads column represents load cell count of GT types


+----+-------+------+
|    | X0    | X1   |
+----+-------+------+
| Y4 |  1657 |  471 |
| Y3 |  2958 |  780 |
| Y2 |     5 |  613 |
| Y1 |    33 |   42 |
| Y0 |    21 |    0 |
+----+-------+------+


21. Load Cell Placement Summary for Global Clock g4
---------------------------------------------------

+-----------+-----------------+-------------------+-------------------------------------------------------------------------------+-------------+---------------+----------+-------------+----------+----------------+----------+----------------------------+
| Global Id | Driver Type/Pin | Driver Region (D) | Clock                                                                         | Period (ns) | Waveform (ns) | Root (R) | Slice Loads | IO Loads | Clocking Loads | GT Loads | Net                        |
+-----------+-----------------+-------------------+-------------------------------------------------------------------------------+-------------+---------------+----------+-------------+----------+----------------+----------+----------------------------+
| g4        | BUFG/O          | n/a               | MGT/MGT/EXP/U0/gt_wrapper_i/exp_mgt_multi_gt_i/gt0_exp_mgt_i/gtxe2_i/TXOUTCLK |      10.000 | {0.000 5.000} |          |        1627 |        0 |              0 |        2 | MGT/MGT/EXP_CLOCK/USER_CLK |
+-----------+-----------------+-------------------+-------------------------------------------------------------------------------+-------------+---------------+----------+-------------+----------+----------------+----------+----------------------------+
* Slice Loads column represents load cell count of all cell types other than IO, GT and clock resources
** IO Loads column represents load cell count of IO types
*** Clocking Loads column represents load cell count that are clock resources (global clock buffer, MMCM, PLL, etc)
**** GT Loads column represents load cell count of GT types


+----+----+-------+
|    | X0 | X1    |
+----+----+-------+
| Y4 |  0 |   106 |
| Y3 |  0 |  1523 |
| Y2 |  0 |     0 |
| Y1 |  0 |     0 |
| Y0 |  0 |     0 |
+----+----+-------+


22. Load Cell Placement Summary for Global Clock g5
---------------------------------------------------

+-----------+-----------------+-------------------+---------------------------+-------------+----------------+----------+-------------+----------+----------------+----------+-------------------------------------------------------+
| Global Id | Driver Type/Pin | Driver Region (D) | Clock                     | Period (ns) | Waveform (ns)  | Root (R) | Slice Loads | IO Loads | Clocking Loads | GT Loads | Net                                                   |
+-----------+-----------------+-------------------+---------------------------+-------------+----------------+----------+-------------+----------+----------------+----------+-------------------------------------------------------+
| g5        | BUFG/O          | n/a               | clk_out3_core_clk_wiz_1_0 |      20.000 | {0.000 10.000} |          |         551 |        0 |              0 |        3 | CORE_BD/core_wrapper_i/core_i/clk_wiz_1/inst/clk_out3 |
+-----------+-----------------+-------------------+---------------------------+-------------+----------------+----------+-------------+----------+----------------+----------+-------------------------------------------------------+
* Slice Loads column represents load cell count of all cell types other than IO, GT and clock resources
** IO Loads column represents load cell count of IO types
*** Clocking Loads column represents load cell count that are clock resources (global clock buffer, MMCM, PLL, etc)
**** GT Loads column represents load cell count of GT types


+----+------+------+
|    | X0   | X1   |
+----+------+------+
| Y4 |   33 |   10 |
| Y3 |  205 |  302 |
| Y2 |    4 |    0 |
| Y1 |    0 |    0 |
| Y0 |    0 |    0 |
+----+------+------+


23. Load Cell Placement Summary for Global Clock g6
---------------------------------------------------

+-----------+-----------------+-------------------+---------------------------------------------------------------------------------+-------------+----------------+----------+-------------+----------+----------------+----------+--------------------------------------------------------------------------------------+
| Global Id | Driver Type/Pin | Driver Region (D) | Clock                                                                           | Period (ns) | Waveform (ns)  | Root (R) | Slice Loads | IO Loads | Clocking Loads | GT Loads | Net                                                                                  |
+-----------+-----------------+-------------------+---------------------------------------------------------------------------------+-------------+----------------+----------+-------------+----------+----------------+----------+--------------------------------------------------------------------------------------+
| g6        | BUFG/O          | n/a               | CORE_BD/core_wrapper_i/core_i/MCU/mdm_1/U0/Use_E2.BSCAN_I/Use_E2.BSCANE2_I/DRCK |      33.333 | {0.000 16.667} |          |         326 |        0 |              0 |        0 | CORE_BD/core_wrapper_i/core_i/MCU/mdm_1/U0/No_Dbg_Reg_Access.BUFG_DRCK/Ext_JTAG_DRCK |
+-----------+-----------------+-------------------+---------------------------------------------------------------------------------+-------------+----------------+----------+-------------+----------+----------------+----------+--------------------------------------------------------------------------------------+
* Slice Loads column represents load cell count of all cell types other than IO, GT and clock resources
** IO Loads column represents load cell count of IO types
*** Clocking Loads column represents load cell count that are clock resources (global clock buffer, MMCM, PLL, etc)
**** GT Loads column represents load cell count of GT types


+----+------+----+
|    | X0   | X1 |
+----+------+----+
| Y4 |  175 |  0 |
| Y3 |  151 |  0 |
| Y2 |    0 |  0 |
| Y1 |    0 |  0 |
| Y0 |    0 |  0 |
+----+------+----+


24. Load Cell Placement Summary for Global Clock g7
---------------------------------------------------

+-----------+-----------------+-------------------+------------+-------------+---------------+----------+-------------+----------+----------------+----------+-----------------------------------------------------------------------------------------------------------------------------+
| Global Id | Driver Type/Pin | Driver Region (D) | Clock      | Period (ns) | Waveform (ns) | Root (R) | Slice Loads | IO Loads | Clocking Loads | GT Loads | Net                                                                                                                         |
+-----------+-----------------+-------------------+------------+-------------+---------------+----------+-------------+----------+----------------+----------+-----------------------------------------------------------------------------------------------------------------------------+
| g7        | BUFG/O          | n/a               | SYSCLK_0_P |       5.000 | {0.000 2.500} |          |          17 |        0 |              0 |        0 | CORE_BD/core_wrapper_i/core_i/MemoryBuffer/dimm0_ctrl/u_core_dimm0_ctrl_0_mig/u_iodelay_ctrl/clk_ref_200.u_bufg_clk_ref_n_0 |
+-----------+-----------------+-------------------+------------+-------------+---------------+----------+-------------+----------+----------------+----------+-----------------------------------------------------------------------------------------------------------------------------+
* Slice Loads column represents load cell count of all cell types other than IO, GT and clock resources
** IO Loads column represents load cell count of IO types
*** Clocking Loads column represents load cell count that are clock resources (global clock buffer, MMCM, PLL, etc)
**** GT Loads column represents load cell count of GT types


+----+-----+----+
|    | X0  | X1 |
+----+-----+----+
| Y4 |   0 |  0 |
| Y3 |  16 |  0 |
| Y2 |   0 |  0 |
| Y1 |   1 |  0 |
| Y0 |   0 |  0 |
+----+-----+----+


25. Load Cell Placement Summary for Global Clock g8
---------------------------------------------------

+-----------+-----------------+-------------------+------------+-------------+---------------+----------+-------------+----------+----------------+----------+-----------------------------------------------------------------------------------------------------------------------------+
| Global Id | Driver Type/Pin | Driver Region (D) | Clock      | Period (ns) | Waveform (ns) | Root (R) | Slice Loads | IO Loads | Clocking Loads | GT Loads | Net                                                                                                                         |
+-----------+-----------------+-------------------+------------+-------------+---------------+----------+-------------+----------+----------------+----------+-----------------------------------------------------------------------------------------------------------------------------+
| g8        | BUFG/O          | n/a               | SYSCLK_1_P |       5.000 | {0.000 2.500} |          |          17 |        0 |              0 |        0 | CORE_BD/core_wrapper_i/core_i/MemoryBuffer/dimm1_ctrl/u_core_dimm1_ctrl_0_mig/u_iodelay_ctrl/clk_ref_200.u_bufg_clk_ref_n_0 |
+-----------+-----------------+-------------------+------------+-------------+---------------+----------+-------------+----------+----------------+----------+-----------------------------------------------------------------------------------------------------------------------------+
* Slice Loads column represents load cell count of all cell types other than IO, GT and clock resources
** IO Loads column represents load cell count of IO types
*** Clocking Loads column represents load cell count that are clock resources (global clock buffer, MMCM, PLL, etc)
**** GT Loads column represents load cell count of GT types


+----+----+-----+
|    | X0 | X1  |
+----+----+-----+
| Y4 |  0 |   0 |
| Y3 |  0 |   0 |
| Y2 |  0 |   1 |
| Y1 |  0 |   0 |
| Y0 |  0 |  16 |
+----+----+-----+


26. Load Cell Placement Summary for Global Clock g9
---------------------------------------------------

+-----------+-----------------+-------------------+--------------+-------------+---------------+----------+-------------+----------+----------------+----------+--------------------------------------------------------------------------------------------------------------+
| Global Id | Driver Type/Pin | Driver Region (D) | Clock        | Period (ns) | Waveform (ns) | Root (R) | Slice Loads | IO Loads | Clocking Loads | GT Loads | Net                                                                                                          |
+-----------+-----------------+-------------------+--------------+-------------+---------------+----------+-------------+----------+----------------+----------+--------------------------------------------------------------------------------------------------------------+
| g9        | BUFH/O          | X0Y2              | pll_clk3_out |      10.000 | {0.000 5.000} |          |           0 |        0 |              1 |        0 | CORE_BD/core_wrapper_i/core_i/MemoryBuffer/dimm0_ctrl/u_core_dimm0_ctrl_0_mig/u_ddr3_infrastructure/pll_clk3 |
+-----------+-----------------+-------------------+--------------+-------------+---------------+----------+-------------+----------+----------------+----------+--------------------------------------------------------------------------------------------------------------+
* Slice Loads column represents load cell count of all cell types other than IO, GT and clock resources
** IO Loads column represents load cell count of IO types
*** Clocking Loads column represents load cell count that are clock resources (global clock buffer, MMCM, PLL, etc)
**** GT Loads column represents load cell count of GT types


+----+--------+----+
|    | X0     | X1 |
+----+--------+----+
| Y4 |      0 |  0 |
| Y3 |      0 |  0 |
| Y2 |  (D) 1 |  0 |
| Y1 |      0 |  0 |
| Y0 |      0 |  0 |
+----+--------+----+


27. Load Cell Placement Summary for Global Clock g10
----------------------------------------------------

+-----------+-----------------+-------------------+----------------+-------------+---------------+----------+-------------+----------+----------------+----------+--------------------------------------------------------------------------------------------------------------+
| Global Id | Driver Type/Pin | Driver Region (D) | Clock          | Period (ns) | Waveform (ns) | Root (R) | Slice Loads | IO Loads | Clocking Loads | GT Loads | Net                                                                                                          |
+-----------+-----------------+-------------------+----------------+-------------+---------------+----------+-------------+----------+----------------+----------+--------------------------------------------------------------------------------------------------------------+
| g10       | BUFH/O          | X1Y1              | pll_clk3_out_1 |      10.000 | {0.000 5.000} |          |           0 |        0 |              1 |        0 | CORE_BD/core_wrapper_i/core_i/MemoryBuffer/dimm1_ctrl/u_core_dimm1_ctrl_0_mig/u_ddr3_infrastructure/pll_clk3 |
+-----------+-----------------+-------------------+----------------+-------------+---------------+----------+-------------+----------+----------------+----------+--------------------------------------------------------------------------------------------------------------+
* Slice Loads column represents load cell count of all cell types other than IO, GT and clock resources
** IO Loads column represents load cell count of IO types
*** Clocking Loads column represents load cell count that are clock resources (global clock buffer, MMCM, PLL, etc)
**** GT Loads column represents load cell count of GT types


+----+----+--------+
|    | X0 | X1     |
+----+----+--------+
| Y4 |  0 |      0 |
| Y3 |  0 |      0 |
| Y2 |  0 |      0 |
| Y1 |  0 |  (D) 1 |
| Y0 |  0 |      0 |
+----+----+--------+


28. Load Cell Placement Summary for Global Clock g11
----------------------------------------------------

+-----------+-----------------+-------------------+---------------------------+-------------+---------------+----------+-------------+----------+----------------+----------+----------------------------------------------------------------------------+
| Global Id | Driver Type/Pin | Driver Region (D) | Clock                     | Period (ns) | Waveform (ns) | Root (R) | Slice Loads | IO Loads | Clocking Loads | GT Loads | Net                                                                        |
+-----------+-----------------+-------------------+---------------------------+-------------+---------------+----------+-------------+----------+----------------+----------+----------------------------------------------------------------------------+
| g11       | BUFG/O          | n/a               | clkfbout_core_clk_wiz_1_0 |      10.000 | {0.000 5.000} |          |           0 |        0 |              1 |        0 | CORE_BD/core_wrapper_i/core_i/clk_wiz_1/inst/clkfbout_buf_core_clk_wiz_1_0 |
+-----------+-----------------+-------------------+---------------------------+-------------+---------------+----------+-------------+----------+----------------+----------+----------------------------------------------------------------------------+
* Slice Loads column represents load cell count of all cell types other than IO, GT and clock resources
** IO Loads column represents load cell count of IO types
*** Clocking Loads column represents load cell count that are clock resources (global clock buffer, MMCM, PLL, etc)
**** GT Loads column represents load cell count of GT types


+----+----+----+
|    | X0 | X1 |
+----+----+----+
| Y4 |  0 |  0 |
| Y3 |  0 |  0 |
| Y2 |  0 |  1 |
| Y1 |  0 |  0 |
| Y0 |  0 |  0 |
+----+----+----+



# Location of BUFG Primitives 
set_property LOC BUFGCTRL_X0Y16 [get_cells MGT/MGT/EXP_CLOCK/user_clk_buf_i]
set_property LOC BUFGCTRL_X0Y7 [get_cells CORE_BD/core_wrapper_i/core_i/clk_wiz_1/inst/clkf_buf]
set_property LOC BUFGCTRL_X0Y2 [get_cells CORE_BD/core_wrapper_i/core_i/clk_wiz_1/inst/clkout3_buf]
set_property LOC BUFGCTRL_X0Y4 [get_cells CORE_BD/core_wrapper_i/core_i/clk_wiz_1/inst/clkout2_buf]
set_property LOC BUFGCTRL_X0Y5 [get_cells CORE_BD/core_wrapper_i/core_i/clk_wiz_1/inst/clkout1_buf]
set_property LOC BUFGCTRL_X0Y3 [get_cells CORE_BD/core_wrapper_i/core_i/MemoryBuffer/dimm1_ctrl/u_core_dimm1_ctrl_0_mig/u_iodelay_ctrl/clk_ref_200.u_bufg_clk_ref]
set_property LOC BUFGCTRL_X0Y1 [get_cells CORE_BD/core_wrapper_i/core_i/MemoryBuffer/dimm1_ctrl/u_core_dimm1_ctrl_0_mig/u_ddr3_infrastructure/u_bufg_clkdiv0]
set_property LOC BUFGCTRL_X0Y17 [get_cells CORE_BD/core_wrapper_i/core_i/MemoryBuffer/dimm0_ctrl/u_core_dimm0_ctrl_0_mig/u_iodelay_ctrl/clk_ref_200.u_bufg_clk_ref]
set_property LOC BUFGCTRL_X0Y0 [get_cells CORE_BD/core_wrapper_i/core_i/MemoryBuffer/dimm0_ctrl/u_core_dimm0_ctrl_0_mig/u_ddr3_infrastructure/u_bufg_clkdiv0]
set_property LOC BUFGCTRL_X0Y6 [get_cells CORE_BD/core_wrapper_i/core_i/MCU/mdm_1/U0/No_Dbg_Reg_Access.BUFG_DRCK/Using_FPGA.Native]

# Location of BUFH Primitives 
set_property LOC BUFHCE_X1Y12 [get_cells CORE_BD/core_wrapper_i/core_i/MemoryBuffer/dimm1_ctrl/u_core_dimm1_ctrl_0_mig/u_ddr3_infrastructure/u_bufh_pll_clk3]
set_property LOC BUFHCE_X0Y24 [get_cells CORE_BD/core_wrapper_i/core_i/MemoryBuffer/dimm0_ctrl/u_core_dimm0_ctrl_0_mig/u_ddr3_infrastructure/u_bufh_pll_clk3]

# Location of IO Primitives which is load of clock spine

# Location of clock ports
set_property LOC IOB_X0Y223 [get_ports SYSCLK_0_N]
set_property LOC IOB_X0Y224 [get_ports SYSCLK_0_P]
set_property LOC IOB_X1Y73 [get_ports SYSCLK_1_N]
set_property LOC IOB_X1Y74 [get_ports SYSCLK_1_P]

# Clock net "MGT/MGT/EXP_CLOCK/USER_CLK" driven by instance "MGT/MGT/EXP_CLOCK/user_clk_buf_i" located at site "BUFGCTRL_X0Y16"
#startgroup
create_pblock {CLKAG_MGT/MGT/EXP_CLOCK/USER_CLK}
add_cells_to_pblock [get_pblocks  {CLKAG_MGT/MGT/EXP_CLOCK/USER_CLK}] [get_cells -filter { PRIMITIVE_GROUP != I/O && IS_PRIMITIVE==1 && PRIMITIVE_LEVEL !=INTERNAL } -of_object [get_pins -filter {DIRECTION==IN} -of_objects [get_nets -hierarchical -filter {PARENT=="MGT/MGT/EXP_CLOCK/USER_CLK"}]]]
resize_pblock [get_pblocks {CLKAG_MGT/MGT/EXP_CLOCK/USER_CLK}] -add {CLOCKREGION_X1Y3:CLOCKREGION_X1Y3 CLOCKREGION_X1Y4:CLOCKREGION_X1Y4}
#endgroup

# Clock net "CORE_BD/core_wrapper_i/core_i/clk_wiz_1/inst/clk_out3" driven by instance "CORE_BD/core_wrapper_i/core_i/clk_wiz_1/inst/clkout3_buf" located at site "BUFGCTRL_X0Y2"
#startgroup
create_pblock {CLKAG_CORE_BD/core_wrapper_i/core_i/clk_wiz_1/inst/clk_out3}
add_cells_to_pblock [get_pblocks  {CLKAG_CORE_BD/core_wrapper_i/core_i/clk_wiz_1/inst/clk_out3}] [get_cells -filter { PRIMITIVE_GROUP != I/O && IS_PRIMITIVE==1 && PRIMITIVE_LEVEL !=INTERNAL } -of_object [get_pins -filter {DIRECTION==IN} -of_objects [get_nets -hierarchical -filter {PARENT=="CORE_BD/core_wrapper_i/core_i/clk_wiz_1/inst/clk_out3"}]]]
resize_pblock [get_pblocks {CLKAG_CORE_BD/core_wrapper_i/core_i/clk_wiz_1/inst/clk_out3}] -add {CLOCKREGION_X0Y2:CLOCKREGION_X0Y2 CLOCKREGION_X0Y3:CLOCKREGION_X0Y3 CLOCKREGION_X0Y4:CLOCKREGION_X0Y4 CLOCKREGION_X1Y3:CLOCKREGION_X1Y3 CLOCKREGION_X1Y4:CLOCKREGION_X1Y4}
#endgroup

# Clock net "CORE_BD/core_wrapper_i/core_i/clk_wiz_1/inst/clk_out2" driven by instance "CORE_BD/core_wrapper_i/core_i/clk_wiz_1/inst/clkout2_buf" located at site "BUFGCTRL_X0Y4"
#startgroup
create_pblock {CLKAG_CORE_BD/core_wrapper_i/core_i/clk_wiz_1/inst/clk_out2}
add_cells_to_pblock [get_pblocks  {CLKAG_CORE_BD/core_wrapper_i/core_i/clk_wiz_1/inst/clk_out2}] [get_cells -filter { PRIMITIVE_GROUP != I/O && IS_PRIMITIVE==1 && PRIMITIVE_LEVEL !=INTERNAL } -of_object [get_pins -filter {DIRECTION==IN} -of_objects [get_nets -hierarchical -filter {PARENT=="CORE_BD/core_wrapper_i/core_i/clk_wiz_1/inst/clk_out2"}]]]
resize_pblock [get_pblocks {CLKAG_CORE_BD/core_wrapper_i/core_i/clk_wiz_1/inst/clk_out2}] -add {CLOCKREGION_X0Y0:CLOCKREGION_X0Y0 CLOCKREGION_X0Y1:CLOCKREGION_X0Y1 CLOCKREGION_X1Y0:CLOCKREGION_X1Y0 CLOCKREGION_X1Y1:CLOCKREGION_X1Y1 CLOCKREGION_X1Y2:CLOCKREGION_X1Y2 CLOCKREGION_X1Y3:CLOCKREGION_X1Y3 CLOCKREGION_X1Y4:CLOCKREGION_X1Y4}
#endgroup

# Clock net "CORE_BD/core_wrapper_i/core_i/clk_wiz_1/inst/clk_out1" driven by instance "CORE_BD/core_wrapper_i/core_i/clk_wiz_1/inst/clkout1_buf" located at site "BUFGCTRL_X0Y5"
#startgroup
create_pblock {CLKAG_CORE_BD/core_wrapper_i/core_i/clk_wiz_1/inst/clk_out1}
add_cells_to_pblock [get_pblocks  {CLKAG_CORE_BD/core_wrapper_i/core_i/clk_wiz_1/inst/clk_out1}] [get_cells -filter { PRIMITIVE_GROUP != I/O && IS_PRIMITIVE==1 && PRIMITIVE_LEVEL !=INTERNAL } -of_object [get_pins -filter {DIRECTION==IN} -of_objects [get_nets -hierarchical -filter {PARENT=="CORE_BD/core_wrapper_i/core_i/clk_wiz_1/inst/clk_out1"}]]]
resize_pblock [get_pblocks {CLKAG_CORE_BD/core_wrapper_i/core_i/clk_wiz_1/inst/clk_out1}] -add {CLOCKREGION_X0Y0:CLOCKREGION_X0Y0 CLOCKREGION_X0Y1:CLOCKREGION_X0Y1 CLOCKREGION_X0Y2:CLOCKREGION_X0Y2 CLOCKREGION_X0Y3:CLOCKREGION_X0Y3 CLOCKREGION_X0Y4:CLOCKREGION_X0Y4 CLOCKREGION_X1Y1:CLOCKREGION_X1Y1 CLOCKREGION_X1Y2:CLOCKREGION_X1Y2 CLOCKREGION_X1Y3:CLOCKREGION_X1Y3 CLOCKREGION_X1Y4:CLOCKREGION_X1Y4}
#endgroup

# Clock net "CORE_BD/core_wrapper_i/core_i/MemoryBuffer/dimm1_ctrl/u_core_dimm1_ctrl_0_mig/u_iodelay_ctrl/clk_ref_200.u_bufg_clk_ref_n_0" driven by instance "CORE_BD/core_wrapper_i/core_i/MemoryBuffer/dimm1_ctrl/u_core_dimm1_ctrl_0_mig/u_iodelay_ctrl/clk_ref_200.u_bufg_clk_ref" located at site "BUFGCTRL_X0Y3"
#startgroup
create_pblock {CLKAG_CORE_BD/core_wrapper_i/core_i/MemoryBuffer/dimm1_ctrl/u_core_dimm1_ctrl_0_mig/u_iodelay_ctrl/clk_ref_200.u_bufg_clk_ref_n_0}
add_cells_to_pblock [get_pblocks  {CLKAG_CORE_BD/core_wrapper_i/core_i/MemoryBuffer/dimm1_ctrl/u_core_dimm1_ctrl_0_mig/u_iodelay_ctrl/clk_ref_200.u_bufg_clk_ref_n_0}] [get_cells -filter { PRIMITIVE_GROUP != I/O && IS_PRIMITIVE==1 && PRIMITIVE_LEVEL !=INTERNAL } -of_object [get_pins -filter {DIRECTION==IN} -of_objects [get_nets -hierarchical -filter {PARENT=="CORE_BD/core_wrapper_i/core_i/MemoryBuffer/dimm1_ctrl/u_core_dimm1_ctrl_0_mig/u_iodelay_ctrl/clk_ref_200.u_bufg_clk_ref_n_0"}]]]
resize_pblock [get_pblocks {CLKAG_CORE_BD/core_wrapper_i/core_i/MemoryBuffer/dimm1_ctrl/u_core_dimm1_ctrl_0_mig/u_iodelay_ctrl/clk_ref_200.u_bufg_clk_ref_n_0}] -add {CLOCKREGION_X1Y0:CLOCKREGION_X1Y0 CLOCKREGION_X1Y2:CLOCKREGION_X1Y2}
#endgroup

# Clock net "CORE_BD/core_wrapper_i/core_i/MemoryBuffer/dimm1_ctrl/u_core_dimm1_ctrl_0_mig/u_ddr3_infrastructure/CLK" driven by instance "CORE_BD/core_wrapper_i/core_i/MemoryBuffer/dimm1_ctrl/u_core_dimm1_ctrl_0_mig/u_ddr3_infrastructure/u_bufg_clkdiv0" located at site "BUFGCTRL_X0Y1"
#startgroup
create_pblock {CLKAG_CORE_BD/core_wrapper_i/core_i/MemoryBuffer/dimm1_ctrl/u_core_dimm1_ctrl_0_mig/u_ddr3_infrastructure/CLK}
add_cells_to_pblock [get_pblocks  {CLKAG_CORE_BD/core_wrapper_i/core_i/MemoryBuffer/dimm1_ctrl/u_core_dimm1_ctrl_0_mig/u_ddr3_infrastructure/CLK}] [get_cells -filter { PRIMITIVE_GROUP != I/O && IS_PRIMITIVE==1 && PRIMITIVE_LEVEL !=INTERNAL && NAME!=CORE_BD/core_wrapper_i/core_i/clk_wiz_1/inst/mmcm_adv_inst && NAME!=CORE_BD/core_wrapper_i/core_i/MemoryBuffer/dimm1_ctrl/u_core_dimm1_ctrl_0_mig/u_ddr3_infrastructure/gen_mmcm.mmcm_i} -of_object [get_pins -filter {DIRECTION==IN} -of_objects [get_nets -hierarchical -filter {PARENT=="CORE_BD/core_wrapper_i/core_i/MemoryBuffer/dimm1_ctrl/u_core_dimm1_ctrl_0_mig/u_ddr3_infrastructure/CLK"}]]]
resize_pblock [get_pblocks {CLKAG_CORE_BD/core_wrapper_i/core_i/MemoryBuffer/dimm1_ctrl/u_core_dimm1_ctrl_0_mig/u_ddr3_infrastructure/CLK}] -add {CLOCKREGION_X0Y0:CLOCKREGION_X0Y0 CLOCKREGION_X1Y0:CLOCKREGION_X1Y0 CLOCKREGION_X1Y1:CLOCKREGION_X1Y1 CLOCKREGION_X1Y2:CLOCKREGION_X1Y2}
#endgroup

# Clock net "CORE_BD/core_wrapper_i/core_i/MemoryBuffer/dimm0_ctrl/u_core_dimm0_ctrl_0_mig/u_iodelay_ctrl/clk_ref_200.u_bufg_clk_ref_n_0" driven by instance "CORE_BD/core_wrapper_i/core_i/MemoryBuffer/dimm0_ctrl/u_core_dimm0_ctrl_0_mig/u_iodelay_ctrl/clk_ref_200.u_bufg_clk_ref" located at site "BUFGCTRL_X0Y17"
#startgroup
create_pblock {CLKAG_CORE_BD/core_wrapper_i/core_i/MemoryBuffer/dimm0_ctrl/u_core_dimm0_ctrl_0_mig/u_iodelay_ctrl/clk_ref_200.u_bufg_clk_ref_n_0}
add_cells_to_pblock [get_pblocks  {CLKAG_CORE_BD/core_wrapper_i/core_i/MemoryBuffer/dimm0_ctrl/u_core_dimm0_ctrl_0_mig/u_iodelay_ctrl/clk_ref_200.u_bufg_clk_ref_n_0}] [get_cells -filter { PRIMITIVE_GROUP != I/O && IS_PRIMITIVE==1 && PRIMITIVE_LEVEL !=INTERNAL } -of_object [get_pins -filter {DIRECTION==IN} -of_objects [get_nets -hierarchical -filter {PARENT=="CORE_BD/core_wrapper_i/core_i/MemoryBuffer/dimm0_ctrl/u_core_dimm0_ctrl_0_mig/u_iodelay_ctrl/clk_ref_200.u_bufg_clk_ref_n_0"}]]]
resize_pblock [get_pblocks {CLKAG_CORE_BD/core_wrapper_i/core_i/MemoryBuffer/dimm0_ctrl/u_core_dimm0_ctrl_0_mig/u_iodelay_ctrl/clk_ref_200.u_bufg_clk_ref_n_0}] -add {CLOCKREGION_X0Y1:CLOCKREGION_X0Y1 CLOCKREGION_X0Y3:CLOCKREGION_X0Y3}
#endgroup

# Clock net "CORE_BD/core_wrapper_i/core_i/MemoryBuffer/dimm0_ctrl/u_core_dimm0_ctrl_0_mig/u_ddr3_infrastructure/CLK" driven by instance "CORE_BD/core_wrapper_i/core_i/MemoryBuffer/dimm0_ctrl/u_core_dimm0_ctrl_0_mig/u_ddr3_infrastructure/u_bufg_clkdiv0" located at site "BUFGCTRL_X0Y0"
#startgroup
create_pblock {CLKAG_CORE_BD/core_wrapper_i/core_i/MemoryBuffer/dimm0_ctrl/u_core_dimm0_ctrl_0_mig/u_ddr3_infrastructure/CLK}
add_cells_to_pblock [get_pblocks  {CLKAG_CORE_BD/core_wrapper_i/core_i/MemoryBuffer/dimm0_ctrl/u_core_dimm0_ctrl_0_mig/u_ddr3_infrastructure/CLK}] [get_cells -filter { PRIMITIVE_GROUP != I/O && IS_PRIMITIVE==1 && PRIMITIVE_LEVEL !=INTERNAL && NAME!=CORE_BD/core_wrapper_i/core_i/MemoryBuffer/dimm0_ctrl/u_core_dimm0_ctrl_0_mig/u_ddr3_infrastructure/gen_mmcm.mmcm_i} -of_object [get_pins -filter {DIRECTION==IN} -of_objects [get_nets -hierarchical -filter {PARENT=="CORE_BD/core_wrapper_i/core_i/MemoryBuffer/dimm0_ctrl/u_core_dimm0_ctrl_0_mig/u_ddr3_infrastructure/CLK"}]]]
resize_pblock [get_pblocks {CLKAG_CORE_BD/core_wrapper_i/core_i/MemoryBuffer/dimm0_ctrl/u_core_dimm0_ctrl_0_mig/u_ddr3_infrastructure/CLK}] -add {CLOCKREGION_X0Y0:CLOCKREGION_X0Y0 CLOCKREGION_X0Y1:CLOCKREGION_X0Y1 CLOCKREGION_X0Y2:CLOCKREGION_X0Y2 CLOCKREGION_X0Y3:CLOCKREGION_X0Y3 CLOCKREGION_X1Y1:CLOCKREGION_X1Y1 CLOCKREGION_X1Y2:CLOCKREGION_X1Y2 CLOCKREGION_X1Y3:CLOCKREGION_X1Y3}
#endgroup

# Clock net "CORE_BD/core_wrapper_i/core_i/MCU/mdm_1/U0/No_Dbg_Reg_Access.BUFG_DRCK/Ext_JTAG_DRCK" driven by instance "CORE_BD/core_wrapper_i/core_i/MCU/mdm_1/U0/No_Dbg_Reg_Access.BUFG_DRCK/Using_FPGA.Native" located at site "BUFGCTRL_X0Y6"
#startgroup
create_pblock {CLKAG_CORE_BD/core_wrapper_i/core_i/MCU/mdm_1/U0/No_Dbg_Reg_Access.BUFG_DRCK/Ext_JTAG_DRCK}
add_cells_to_pblock [get_pblocks  {CLKAG_CORE_BD/core_wrapper_i/core_i/MCU/mdm_1/U0/No_Dbg_Reg_Access.BUFG_DRCK/Ext_JTAG_DRCK}] [get_cells -filter { PRIMITIVE_GROUP != I/O && IS_PRIMITIVE==1 && PRIMITIVE_LEVEL !=INTERNAL } -of_object [get_pins -filter {DIRECTION==IN} -of_objects [get_nets -hierarchical -filter {PARENT=="CORE_BD/core_wrapper_i/core_i/MCU/mdm_1/U0/No_Dbg_Reg_Access.BUFG_DRCK/Ext_JTAG_DRCK"}]]]
resize_pblock [get_pblocks {CLKAG_CORE_BD/core_wrapper_i/core_i/MCU/mdm_1/U0/No_Dbg_Reg_Access.BUFG_DRCK/Ext_JTAG_DRCK}] -add {CLOCKREGION_X0Y3:CLOCKREGION_X0Y3 CLOCKREGION_X0Y4:CLOCKREGION_X0Y4}
#endgroup
